Using pre-set license
Built from '2020.3/staging' branch; Version is '2020.3.0f1 (c7b5465681fb) revision 13088070'; Using compiler version '192528614'; Build Type 'Release'
OS: 'Windows 10 Pro; OS build 19042.1083; Version 2009; 64bit' Language: 'fr' Physical Memory: 16310 MB
BatchMode: 1, IsHumanControllingUs: 0, StartBugReporterOnCrash: 0, Is64bit: 1, IsPro: 0

 COMMAND LINE ARGUMENTS:
C:\Program Files\Unity\Hub\Editor\2020.3.0f1\Editor\Unity.exe
-adb2
-batchMode
-noUpm
-name
AssetImportWorker0
-projectPath
S:/TowerDefense/TowerDefense
-logFile
Logs/AssetImportWorker0.log
-srvPort
55332
Successfully changed project path to: S:/TowerDefense/TowerDefense
S:/TowerDefense/TowerDefense
Using Asset Import Pipeline V2.
Refreshing native plugins compatible for Editor in 18.21 ms, found 0 plugins.
Preloading 0 native plugins for Editor in 0.00 ms.
Initialize engine version: 2020.3.0f1 (c7b5465681fb)
[Subsystems] Discovering subsystems at path C:/Program Files/Unity/Hub/Editor/2020.3.0f1/Editor/Data/Resources/UnitySubsystems
[Subsystems] Discovering subsystems at path S:/TowerDefense/TowerDefense/Assets
GfxDevice: creating device client; threaded=0
Direct3D:
    Version:  Direct3D 11.0 [level 11.1]
    Renderer: AMD Radeon RX 5600 XT (ID=0x731f)
    Vendor:   
    VRAM:     6103 MB
    Driver:   27.20.22001.14011
Initialize mono
Mono path[0] = 'C:/Program Files/Unity/Hub/Editor/2020.3.0f1/Editor/Data/Managed'
Mono path[1] = 'C:/Program Files/Unity/Hub/Editor/2020.3.0f1/Editor/Data/MonoBleedingEdge/lib/mono/unityjit'
Mono config path = 'C:/Program Files/Unity/Hub/Editor/2020.3.0f1/Editor/Data/MonoBleedingEdge/etc'
Using monoOptions --debugger-agent=transport=dt_socket,embedding=1,server=y,suspend=n,address=127.0.0.1:56196
Begin MonoManager ReloadAssembly
Registering precompiled unity dll's ...
Register platform support module: C:/Program Files/Unity/Hub/Editor/2020.3.0f1/Editor/Data/PlaybackEngines/WindowsStandaloneSupport/UnityEditor.WindowsStandalone.Extensions.dll
Registered in 0.001813 seconds.
Native extension for WindowsStandalone target not found
Refreshing native plugins compatible for Editor in 19.32 ms, found 0 plugins.
Preloading 0 native plugins for Editor in 0.00 ms.
Invoked RoslynAnalysisRunner static constructor.
RoslynAnalysisRunner will not be running.
RoslynAnalysisRunner has terminated.
Mono: successfully reloaded assembly
- Completed reload, in  0.936 seconds
Platform modules already initialized, skipping
Registering precompiled user dll's ...
Registered in 0.000948 seconds.
Begin MonoManager ReloadAssembly
Native extension for WindowsStandalone target not found
Refreshing native plugins compatible for Editor in 0.24 ms, found 0 plugins.
Preloading 0 native plugins for Editor in 0.00 ms.
Invoked RoslynAnalysisRunner static constructor.
RoslynAnalysisRunner will not be running.
RoslynAnalysisRunner has terminated.
Mono: successfully reloaded assembly
- Completed reload, in  0.677 seconds
Platform modules already initialized, skipping
========================================================================
Worker process is ready to serve import requests
Launched and connected shader compiler UnityShaderCompiler.exe after 0.05 seconds
Refreshing native plugins compatible for Editor in 0.29 ms, found 0 plugins.
Preloading 0 native plugins for Editor in 0.00 ms.
Unloading 1123 Unused Serialized files (Serialized files now loaded: 0)
System memory in use before: 57.4 MB.
System memory in use after: 57.5 MB.

Unloading 10 unused Assets to reduce memory usage. Loaded Objects now: 1567.
Total: 2.235900 ms (FindLiveObjects: 0.216800 ms CreateObjectMapping: 0.047900 ms MarkObjects: 1.870600 ms  DeleteObjects: 0.099200 ms)

========================================================================
Received Import Request.
  path: Assets/Scripts/TurretBlueprint.cs
  artifactKey: Guid(8b785fbc64236a44b9654a18811b3ad2) Importer(815301076,1909f56bfc062723c751e8b465ee728b)
Start importing Assets/Scripts/TurretBlueprint.cs using Guid(8b785fbc64236a44b9654a18811b3ad2) Importer(815301076,1909f56bfc062723c751e8b465ee728b)  -> (artifact id: '4fee45b8969793260ab12bf3eb055929') in 0.026149 seconds
  Import took 0.027969 seconds .

========================================================================
Received Prepare
Registering precompiled user dll's ...
Registered in 0.000680 seconds.
Begin MonoManager ReloadAssembly
Native extension for WindowsStandalone target not found
Refreshing native plugins compatible for Editor in 0.22 ms, found 0 plugins.
Preloading 0 native plugins for Editor in 0.00 ms.
Invoked RoslynAnalysisRunner static constructor.
RoslynAnalysisRunner will not be running.
RoslynAnalysisRunner has terminated.
Mono: successfully reloaded assembly
- Completed reload, in  0.600 seconds
Platform modules already initialized, skipping
Refreshing native plugins compatible for Editor in 0.22 ms, found 0 plugins.
Preloading 0 native plugins for Editor in 0.00 ms.
Unloading 1118 Unused Serialized files (Serialized files now loaded: 0)
System memory in use before: 57.4 MB.
System memory in use after: 57.4 MB.

Unloading 5 unused Assets to reduce memory usage. Loaded Objects now: 1570.
Total: 1.770700 ms (FindLiveObjects: 0.177500 ms CreateObjectMapping: 0.027200 ms MarkObjects: 1.507900 ms  DeleteObjects: 0.056800 ms)

========================================================================
Received Prepare
Registering precompiled user dll's ...
Registered in 0.000640 seconds.
Begin MonoManager ReloadAssembly
Native extension for WindowsStandalone target not found
Refreshing native plugins compatible for Editor in 0.21 ms, found 0 plugins.
Preloading 0 native plugins for Editor in 0.00 ms.
Invoked RoslynAnalysisRunner static constructor.
RoslynAnalysisRunner will not be running.
RoslynAnalysisRunner has terminated.
Mono: successfully reloaded assembly
- Completed reload, in  0.600 seconds
Platform modules already initialized, skipping
Refreshing native plugins compatible for Editor in 0.20 ms, found 0 plugins.
Preloading 0 native plugins for Editor in 0.00 ms.
Unloading 1118 Unused Serialized files (Serialized files now loaded: 0)
System memory in use before: 57.4 MB.
System memory in use after: 57.5 MB.

Unloading 5 unused Assets to reduce memory usage. Loaded Objects now: 1573.
Total: 1.611800 ms (FindLiveObjects: 0.133600 ms CreateObjectMapping: 0.037400 ms MarkObjects: 1.397600 ms  DeleteObjects: 0.042000 ms)

========================================================================
Received Prepare
Registering precompiled user dll's ...
Registered in 0.000584 seconds.
Begin MonoManager ReloadAssembly
Native extension for WindowsStandalone target not found
Refreshing native plugins compatible for Editor in 0.21 ms, found 0 plugins.
Preloading 0 native plugins for Editor in 0.00 ms.
Invoked RoslynAnalysisRunner static constructor.
RoslynAnalysisRunner will not be running.
RoslynAnalysisRunner has terminated.
Mono: successfully reloaded assembly
- Completed reload, in  0.610 seconds
Platform modules already initialized, skipping
Refreshing native plugins compatible for Editor in 0.23 ms, found 0 plugins.
Preloading 0 native plugins for Editor in 0.00 ms.
Unloading 1118 Unused Serialized files (Serialized files now loaded: 0)
System memory in use before: 57.4 MB.
System memory in use after: 57.5 MB.

Unloading 5 unused Assets to reduce memory usage. Loaded Objects now: 1576.
Total: 1.667100 ms (FindLiveObjects: 0.150000 ms CreateObjectMapping: 0.025900 ms MarkObjects: 1.441300 ms  DeleteObjects: 0.048700 ms)

========================================================================
Received Prepare
Registering precompiled user dll's ...
Registered in 0.000614 seconds.
Begin MonoManager ReloadAssembly
Native extension for WindowsStandalone target not found
Refreshing native plugins compatible for Editor in 0.21 ms, found 0 plugins.
Preloading 0 native plugins for Editor in 0.00 ms.
Invoked RoslynAnalysisRunner static constructor.
RoslynAnalysisRunner will not be running.
RoslynAnalysisRunner has terminated.
Mono: successfully reloaded assembly
- Completed reload, in  0.618 seconds
Platform modules already initialized, skipping
Refreshing native plugins compatible for Editor in 0.21 ms, found 0 plugins.
Preloading 0 native plugins for Editor in 0.00 ms.
Unloading 1118 Unused Serialized files (Serialized files now loaded: 0)
System memory in use before: 57.4 MB.
System memory in use after: 57.5 MB.

Unloading 5 unused Assets to reduce memory usage. Loaded Objects now: 1579.
Total: 1.511900 ms (FindLiveObjects: 0.173700 ms CreateObjectMapping: 0.032000 ms MarkObjects: 1.256700 ms  DeleteObjects: 0.048600 ms)

========================================================================
Received Import Request.
  Time since last request: 1395.304553 seconds.
  path: Assets/prefabs/Node.prefab
  artifactKey: Guid(07855a9a27abe9640961cd2162ff775c) Importer(815301076,1909f56bfc062723c751e8b465ee728b)
Start importing Assets/prefabs/Node.prefab using Guid(07855a9a27abe9640961cd2162ff775c) Importer(815301076,1909f56bfc062723c751e8b465ee728b)  -> (artifact id: '8f6a5d62a4c4e7b06e95fc218d838dd8') in 0.072621 seconds
  Import took 0.074475 seconds .

========================================================================
Received Prepare
Registering precompiled user dll's ...
Registered in 0.000580 seconds.
Begin MonoManager ReloadAssembly
Native extension for WindowsStandalone target not found
Refreshing native plugins compatible for Editor in 0.21 ms, found 0 plugins.
Preloading 0 native plugins for Editor in 0.00 ms.
Invoked RoslynAnalysisRunner static constructor.
RoslynAnalysisRunner will not be running.
RoslynAnalysisRunner has terminated.
Mono: successfully reloaded assembly
- Completed reload, in  0.579 seconds
Platform modules already initialized, skipping
Refreshing native plugins compatible for Editor in 0.22 ms, found 0 plugins.
Preloading 0 native plugins for Editor in 0.00 ms.
Unloading 1118 Unused Serialized files (Serialized files now loaded: 0)
System memory in use before: 60.6 MB.
System memory in use after: 60.6 MB.

Unloading 6 unused Assets to reduce memory usage. Loaded Objects now: 1590.
Total: 1.344500 ms (FindLiveObjects: 0.133400 ms CreateObjectMapping: 0.023200 ms MarkObjects: 1.146900 ms  DeleteObjects: 0.040200 ms)

========================================================================
Received Prepare
Registering precompiled user dll's ...
Registered in 0.000623 seconds.
Begin MonoManager ReloadAssembly
Native extension for WindowsStandalone target not found
Refreshing native plugins compatible for Editor in 0.24 ms, found 0 plugins.
Preloading 0 native plugins for Editor in 0.00 ms.
Invoked RoslynAnalysisRunner static constructor.
RoslynAnalysisRunner will not be running.
RoslynAnalysisRunner has terminated.
Mono: successfully reloaded assembly
- Completed reload, in  0.645 seconds
Platform modules already initialized, skipping
Refreshing native plugins compatible for Editor in 0.22 ms, found 0 plugins.
Preloading 0 native plugins for Editor in 0.00 ms.
Unloading 1119 Unused Serialized files (Serialized files now loaded: 0)
System memory in use before: 60.6 MB.
System memory in use after: 60.7 MB.

Unloading 5 unused Assets to reduce memory usage. Loaded Objects now: 1594.
Total: 2.079200 ms (FindLiveObjects: 0.291800 ms CreateObjectMapping: 0.044800 ms MarkObjects: 1.672100 ms  DeleteObjects: 0.068500 ms)

========================================================================
Received Prepare
Registering precompiled user dll's ...
Registered in 0.000678 seconds.
Begin MonoManager ReloadAssembly
Native extension for WindowsStandalone target not found
Refreshing native plugins compatible for Editor in 0.22 ms, found 0 plugins.
Preloading 0 native plugins for Editor in 0.00 ms.
Invoked RoslynAnalysisRunner static constructor.
RoslynAnalysisRunner will not be running.
RoslynAnalysisRunner has terminated.
Mono: successfully reloaded assembly
- Completed reload, in  0.611 seconds
Platform modules already initialized, skipping
Refreshing native plugins compatible for Editor in 0.20 ms, found 0 plugins.
Preloading 0 native plugins for Editor in 0.00 ms.
Unloading 1119 Unused Serialized files (Serialized files now loaded: 0)
System memory in use before: 60.6 MB.
System memory in use after: 60.7 MB.

Unloading 5 unused Assets to reduce memory usage. Loaded Objects now: 1597.
Total: 1.681600 ms (FindLiveObjects: 0.228600 ms CreateObjectMapping: 0.038500 ms MarkObjects: 1.361600 ms  DeleteObjects: 0.051900 ms)

========================================================================
Received Prepare
Registering precompiled user dll's ...
Registered in 0.000633 seconds.
Begin MonoManager ReloadAssembly
Native extension for WindowsStandalone target not found
Refreshing native plugins compatible for Editor in 0.28 ms, found 0 plugins.
Preloading 0 native plugins for Editor in 0.00 ms.
Invoked RoslynAnalysisRunner static constructor.
RoslynAnalysisRunner will not be running.
RoslynAnalysisRunner has terminated.
Mono: successfully reloaded assembly
- Completed reload, in  0.613 seconds
Platform modules already initialized, skipping
Refreshing native plugins compatible for Editor in 0.21 ms, found 0 plugins.
Preloading 0 native plugins for Editor in 0.00 ms.
Unloading 1119 Unused Serialized files (Serialized files now loaded: 0)
System memory in use before: 60.6 MB.
System memory in use after: 60.7 MB.

Unloading 5 unused Assets to reduce memory usage. Loaded Objects now: 1600.
Total: 1.620900 ms (FindLiveObjects: 0.172300 ms CreateObjectMapping: 0.027900 ms MarkObjects: 1.377300 ms  DeleteObjects: 0.042100 ms)

========================================================================
Received Prepare
Registering precompiled user dll's ...
Registered in 0.000537 seconds.
Begin MonoManager ReloadAssembly
Native extension for WindowsStandalone target not found
Refreshing native plugins compatible for Editor in 0.22 ms, found 0 plugins.
Preloading 0 native plugins for Editor in 0.00 ms.
Invoked RoslynAnalysisRunner static constructor.
RoslynAnalysisRunner will not be running.
RoslynAnalysisRunner has terminated.
Mono: successfully reloaded assembly
- Completed reload, in  0.590 seconds
Platform modules already initialized, skipping
Refreshing native plugins compatible for Editor in 0.22 ms, found 0 plugins.
Preloading 0 native plugins for Editor in 0.00 ms.
Unloading 1119 Unused Serialized files (Serialized files now loaded: 0)
System memory in use before: 60.6 MB.
System memory in use after: 60.7 MB.

Unloading 5 unused Assets to reduce memory usage. Loaded Objects now: 1603.
Total: 1.515900 ms (FindLiveObjects: 0.147000 ms CreateObjectMapping: 0.025400 ms MarkObjects: 1.285900 ms  DeleteObjects: 0.056500 ms)

========================================================================
Received Import Request.
  Time since last request: 1015.763057 seconds.
  path: Assets/prefabs/Node.prefab
  artifactKey: Guid(07855a9a27abe9640961cd2162ff775c) Importer(815301076,1909f56bfc062723c751e8b465ee728b)
Start importing Assets/prefabs/Node.prefab using Guid(07855a9a27abe9640961cd2162ff775c) Importer(815301076,1909f56bfc062723c751e8b465ee728b)  -> (artifact id: '4f2eb1d9c905508a30a605714d6cc2f8') in 0.042495 seconds
  Import took 0.044403 seconds .

========================================================================
Received Import Request.
  Time since last request: 12.662228 seconds.
  path: Assets/prefabs/Node.prefab
  artifactKey: Guid(07855a9a27abe9640961cd2162ff775c) Importer(815301076,1909f56bfc062723c751e8b465ee728b)
Start importing Assets/prefabs/Node.prefab using Guid(07855a9a27abe9640961cd2162ff775c) Importer(815301076,1909f56bfc062723c751e8b465ee728b)  -> (artifact id: '2f8c7431e9c9dc4f77a2a2d4c9eca766') in 0.007663 seconds
  Import took 0.009466 seconds .

========================================================================
Received Prepare
Registering precompiled user dll's ...
Registered in 0.000700 seconds.
Begin MonoManager ReloadAssembly
Native extension for WindowsStandalone target not found
Refreshing native plugins compatible for Editor in 0.21 ms, found 0 plugins.
Preloading 0 native plugins for Editor in 0.00 ms.
Invoked RoslynAnalysisRunner static constructor.
RoslynAnalysisRunner will not be running.
RoslynAnalysisRunner has terminated.
Mono: successfully reloaded assembly
- Completed reload, in  0.585 seconds
Platform modules already initialized, skipping
Refreshing native plugins compatible for Editor in 0.20 ms, found 0 plugins.
Preloading 0 native plugins for Editor in 0.00 ms.
Unloading 1119 Unused Serialized files (Serialized files now loaded: 0)
System memory in use before: 60.6 MB.
System memory in use after: 60.7 MB.

Unloading 6 unused Assets to reduce memory usage. Loaded Objects now: 1607.
Total: 1.747300 ms (FindLiveObjects: 0.163100 ms CreateObjectMapping: 0.028000 ms MarkObjects: 1.503100 ms  DeleteObjects: 0.051800 ms)

========================================================================
Received Import Request.
  Time since last request: 30.032243 seconds.
  path: Assets/prefabs/Node.prefab
  artifactKey: Guid(07855a9a27abe9640961cd2162ff775c) Importer(815301076,1909f56bfc062723c751e8b465ee728b)
Start importing Assets/prefabs/Node.prefab using Guid(07855a9a27abe9640961cd2162ff775c) Importer(815301076,1909f56bfc062723c751e8b465ee728b)  -> (artifact id: '0f109831e5d5162c05e98a4e18a4951c') in 0.040193 seconds
  Import took 0.042013 seconds .

========================================================================
Received Import Request.
  Time since last request: 0.700444 seconds.
  path: Assets/prefabs/Node.prefab
  artifactKey: Guid(07855a9a27abe9640961cd2162ff775c) Importer(815301076,1909f56bfc062723c751e8b465ee728b)
Start importing Assets/prefabs/Node.prefab using Guid(07855a9a27abe9640961cd2162ff775c) Importer(815301076,1909f56bfc062723c751e8b465ee728b)  -> (artifact id: '441f486650e9be16b75419732b8cdda4') in 0.005804 seconds
  Import took 0.007595 seconds .

========================================================================
Received Import Request.
  Time since last request: 172.362678 seconds.
  path: Assets/Fonts
  artifactKey: Guid(329b4dccfd1dba34c84998a19ad140a9) Importer(815301076,1909f56bfc062723c751e8b465ee728b)
Start importing Assets/Fonts using Guid(329b4dccfd1dba34c84998a19ad140a9) Importer(815301076,1909f56bfc062723c751e8b465ee728b)  -> (artifact id: '3b0dd6dcba99097f0686067ed25d69fe') in 0.001979 seconds
  Import took 0.004223 seconds .

========================================================================
Received Import Request.
  Time since last request: 250.271123 seconds.
  path: Assets/Fonts/Roboto-Light.ttf
  artifactKey: Guid(dadedbf83da72864d939d2edbb0b1218) Importer(815301076,1909f56bfc062723c751e8b465ee728b)
Start importing Assets/Fonts/Roboto-Light.ttf using Guid(dadedbf83da72864d939d2edbb0b1218) Importer(815301076,1909f56bfc062723c751e8b465ee728b)  -> (artifact id: 'ee493243e25f73ac29381b12fd8e5cf1') in 0.044552 seconds
  Import took 0.046873 seconds .

========================================================================
Received Import Request.
  Time since last request: 0.000255 seconds.
  path: Assets/Fonts/Roboto-ThinItalic.ttf
  artifactKey: Guid(598a1d8091ef53141bd1cf51e62b6c3e) Importer(815301076,1909f56bfc062723c751e8b465ee728b)
Start importing Assets/Fonts/Roboto-ThinItalic.ttf using Guid(598a1d8091ef53141bd1cf51e62b6c3e) Importer(815301076,1909f56bfc062723c751e8b465ee728b)  -> (artifact id: '5f303c5d3f34dccb3da8dcfb0ac6d67e') in 0.009709 seconds
  Import took 0.011619 seconds .

========================================================================
Received Import Request.
  Time since last request: 0.000242 seconds.
  path: Assets/Fonts/Roboto-Regular.ttf
  artifactKey: Guid(5fa5a88bd47b9e74fb8b6c171fc8a691) Importer(815301076,1909f56bfc062723c751e8b465ee728b)
Start importing Assets/Fonts/Roboto-Regular.ttf using Guid(5fa5a88bd47b9e74fb8b6c171fc8a691) Importer(815301076,1909f56bfc062723c751e8b465ee728b)  -> (artifact id: '5b2fa2b7ae0b893a924492e63e38aae5') in 0.007340 seconds
  Import took 0.009063 seconds .

========================================================================
Received Import Request.
  Time since last request: 0.000252 seconds.
  path: Assets/Fonts/Roboto-MediumItalic.ttf
  artifactKey: Guid(a44ffd655e88ee7438f5385ffb1b12a9) Importer(815301076,1909f56bfc062723c751e8b465ee728b)
Start importing Assets/Fonts/Roboto-MediumItalic.ttf using Guid(a44ffd655e88ee7438f5385ffb1b12a9) Importer(815301076,1909f56bfc062723c751e8b465ee728b)  -> (artifact id: 'e4cd5263af326c8f45b5df970b8d0df6') in 0.006921 seconds
  Import took 0.008536 seconds .

========================================================================
Received Import Request.
  Time since last request: 0.000235 seconds.
  path: Assets/Fonts/Roboto-Medium.ttf
  artifactKey: Guid(d75036fb9d00ba94884bf7ec5dd4cbdb) Importer(815301076,1909f56bfc062723c751e8b465ee728b)
Start importing Assets/Fonts/Roboto-Medium.ttf using Guid(d75036fb9d00ba94884bf7ec5dd4cbdb) Importer(815301076,1909f56bfc062723c751e8b465ee728b)  -> (artifact id: '8b841ed9756642933e1d89aaa761e235') in 0.007300 seconds
  Import took 0.008911 seconds .

========================================================================
Received Import Request.
  Time since last request: 0.000248 seconds.
  path: Assets/Fonts/Roboto-Thin.ttf
  artifactKey: Guid(6dddd60b0e41d934f8120feee7ef5fab) Importer(815301076,1909f56bfc062723c751e8b465ee728b)
Start importing Assets/Fonts/Roboto-Thin.ttf using Guid(6dddd60b0e41d934f8120feee7ef5fab) Importer(815301076,1909f56bfc062723c751e8b465ee728b)  -> (artifact id: 'e291b5019240287f25eb215541b34e6c') in 0.007309 seconds
  Import took 0.009062 seconds .

========================================================================
Received Import Request.
  Time since last request: 0.000223 seconds.
  path: Assets/Fonts/Roboto-LightItalic.ttf
  artifactKey: Guid(320fd0ed10668b64fa970d8ac055fdc1) Importer(815301076,1909f56bfc062723c751e8b465ee728b)
Start importing Assets/Fonts/Roboto-LightItalic.ttf using Guid(320fd0ed10668b64fa970d8ac055fdc1) Importer(815301076,1909f56bfc062723c751e8b465ee728b)  -> (artifact id: '5441d67cd141fd8acc3610efb87de558') in 0.007836 seconds
  Import took 0.009384 seconds .

========================================================================
Received Prepare
Registering precompiled user dll's ...
Registered in 0.000605 seconds.
Begin MonoManager ReloadAssembly
Native extension for WindowsStandalone target not found
Refreshing native plugins compatible for Editor in 0.24 ms, found 0 plugins.
Preloading 0 native plugins for Editor in 0.00 ms.
Invoked RoslynAnalysisRunner static constructor.
RoslynAnalysisRunner will not be running.
RoslynAnalysisRunner has terminated.
Mono: successfully reloaded assembly
- Completed reload, in  0.600 seconds
Platform modules already initialized, skipping
Refreshing native plugins compatible for Editor in 0.21 ms, found 0 plugins.
Preloading 0 native plugins for Editor in 0.00 ms.
Unloading 1119 Unused Serialized files (Serialized files now loaded: 0)
System memory in use before: 61.0 MB.
System memory in use after: 61.1 MB.

Unloading 6 unused Assets to reduce memory usage. Loaded Objects now: 1648.
Total: 1.478400 ms (FindLiveObjects: 0.168400 ms CreateObjectMapping: 0.028600 ms MarkObjects: 1.233100 ms  DeleteObjects: 0.047300 ms)

========================================================================
Received Prepare
Registering precompiled user dll's ...
Registered in 0.000720 seconds.
Begin MonoManager ReloadAssembly
Native extension for WindowsStandalone target not found
Refreshing native plugins compatible for Editor in 0.23 ms, found 0 plugins.
Preloading 0 native plugins for Editor in 0.00 ms.
Invoked RoslynAnalysisRunner static constructor.
RoslynAnalysisRunner will not be running.
RoslynAnalysisRunner has terminated.
Mono: successfully reloaded assembly
- Completed reload, in  0.598 seconds
Platform modules already initialized, skipping
Refreshing native plugins compatible for Editor in 0.21 ms, found 0 plugins.
Preloading 0 native plugins for Editor in 0.00 ms.
Unloading 1119 Unused Serialized files (Serialized files now loaded: 0)
System memory in use before: 61.0 MB.
System memory in use after: 61.1 MB.

Unloading 5 unused Assets to reduce memory usage. Loaded Objects now: 1651.
Total: 1.717500 ms (FindLiveObjects: 0.163900 ms CreateObjectMapping: 0.025800 ms MarkObjects: 1.476900 ms  DeleteObjects: 0.050000 ms)

========================================================================
Received Prepare
Registering precompiled user dll's ...
Registered in 0.000747 seconds.
Begin MonoManager ReloadAssembly
Native extension for WindowsStandalone target not found
Refreshing native plugins compatible for Editor in 0.22 ms, found 0 plugins.
Preloading 0 native plugins for Editor in 0.00 ms.
Invoked RoslynAnalysisRunner static constructor.
RoslynAnalysisRunner will not be running.
RoslynAnalysisRunner has terminated.
Mono: successfully reloaded assembly
- Completed reload, in  0.597 seconds
Platform modules already initialized, skipping
Refreshing native plugins compatible for Editor in 0.21 ms, found 0 plugins.
Preloading 0 native plugins for Editor in 0.00 ms.
Unloading 1119 Unused Serialized files (Serialized files now loaded: 0)
System memory in use before: 61.0 MB.
System memory in use after: 61.1 MB.

Unloading 5 unused Assets to reduce memory usage. Loaded Objects now: 1654.
Total: 1.454100 ms (FindLiveObjects: 0.149500 ms CreateObjectMapping: 0.024500 ms MarkObjects: 1.236400 ms  DeleteObjects: 0.043000 ms)

========================================================================
Received Prepare
Registering precompiled user dll's ...
Registered in 0.000552 seconds.
Begin MonoManager ReloadAssembly
Native extension for WindowsStandalone target not found
Refreshing native plugins compatible for Editor in 0.22 ms, found 0 plugins.
Preloading 0 native plugins for Editor in 0.00 ms.
Invoked RoslynAnalysisRunner static constructor.
RoslynAnalysisRunner will not be running.
RoslynAnalysisRunner has terminated.
Mono: successfully reloaded assembly
- Completed reload, in  0.594 seconds
Platform modules already initialized, skipping
Refreshing native plugins compatible for Editor in 0.21 ms, found 0 plugins.
Preloading 0 native plugins for Editor in 0.00 ms.
Unloading 1119 Unused Serialized files (Serialized files now loaded: 0)
System memory in use before: 61.0 MB.
System memory in use after: 61.1 MB.

Unloading 5 unused Assets to reduce memory usage. Loaded Objects now: 1657.
Total: 1.727100 ms (FindLiveObjects: 0.171700 ms CreateObjectMapping: 0.025100 ms MarkObjects: 1.475900 ms  DeleteObjects: 0.052500 ms)

========================================================================
Received Prepare
Registering precompiled user dll's ...
Registered in 0.000786 seconds.
Begin MonoManager ReloadAssembly
Native extension for WindowsStandalone target not found
Refreshing native plugins compatible for Editor in 0.20 ms, found 0 plugins.
Preloading 0 native plugins for Editor in 0.00 ms.
Invoked RoslynAnalysisRunner static constructor.
RoslynAnalysisRunner will not be running.
RoslynAnalysisRunner has terminated.
Mono: successfully reloaded assembly
- Completed reload, in  0.656 seconds
Platform modules already initialized, skipping
Refreshing native plugins compatible for Editor in 0.21 ms, found 0 plugins.
Preloading 0 native plugins for Editor in 0.00 ms.
Unloading 1120 Unused Serialized files (Serialized files now loaded: 0)
System memory in use before: 61.1 MB.
System memory in use after: 61.2 MB.

Unloading 5 unused Assets to reduce memory usage. Loaded Objects now: 1661.
Total: 1.826900 ms (FindLiveObjects: 0.168000 ms CreateObjectMapping: 0.024500 ms MarkObjects: 1.576700 ms  DeleteObjects: 0.056600 ms)

========================================================================
Received Prepare
Registering precompiled user dll's ...
Registered in 0.000720 seconds.
Begin MonoManager ReloadAssembly
Native extension for WindowsStandalone target not found
Refreshing native plugins compatible for Editor in 0.25 ms, found 0 plugins.
Preloading 0 native plugins for Editor in 0.00 ms.
Invoked RoslynAnalysisRunner static constructor.
RoslynAnalysisRunner will not be running.
RoslynAnalysisRunner has terminated.
Mono: successfully reloaded assembly
- Completed reload, in  0.624 seconds
Platform modules already initialized, skipping
Refreshing native plugins compatible for Editor in 0.21 ms, found 0 plugins.
Preloading 0 native plugins for Editor in 0.00 ms.
Unloading 1120 Unused Serialized files (Serialized files now loaded: 0)
System memory in use before: 61.1 MB.
System memory in use after: 61.2 MB.

Unloading 5 unused Assets to reduce memory usage. Loaded Objects now: 1664.
Total: 1.374600 ms (FindLiveObjects: 0.156800 ms CreateObjectMapping: 0.023900 ms MarkObjects: 1.144700 ms  DeleteObjects: 0.048300 ms)

========================================================================
Received Prepare
Registering precompiled user dll's ...
Registered in 0.000717 seconds.
Begin MonoManager ReloadAssembly
Native extension for WindowsStandalone target not found
Refreshing native plugins compatible for Editor in 0.24 ms, found 0 plugins.
Preloading 0 native plugins for Editor in 0.00 ms.
Invoked RoslynAnalysisRunner static constructor.
RoslynAnalysisRunner will not be running.
RoslynAnalysisRunner has terminated.
Mono: successfully reloaded assembly
- Completed reload, in  0.602 seconds
Platform modules already initialized, skipping
Refreshing native plugins compatible for Editor in 0.29 ms, found 0 plugins.
Preloading 0 native plugins for Editor in 0.00 ms.
Unloading 1120 Unused Serialized files (Serialized files now loaded: 0)
System memory in use before: 61.1 MB.
System memory in use after: 61.2 MB.

Unloading 5 unused Assets to reduce memory usage. Loaded Objects now: 1667.
Total: 1.420700 ms (FindLiveObjects: 0.188700 ms CreateObjectMapping: 0.034400 ms MarkObjects: 1.146400 ms  DeleteObjects: 0.050200 ms)

========================================================================
Received Prepare
Registering precompiled user dll's ...
Registered in 0.000622 seconds.
Begin MonoManager ReloadAssembly
Native extension for WindowsStandalone target not found
Refreshing native plugins compatible for Editor in 0.23 ms, found 0 plugins.
Preloading 0 native plugins for Editor in 0.00 ms.
Invoked RoslynAnalysisRunner static constructor.
RoslynAnalysisRunner will not be running.
RoslynAnalysisRunner has terminated.
Mono: successfully reloaded assembly
- Completed reload, in  0.608 seconds
Platform modules already initialized, skipping
Refreshing native plugins compatible for Editor in 0.22 ms, found 0 plugins.
Preloading 0 native plugins for Editor in 0.00 ms.
Unloading 1120 Unused Serialized files (Serialized files now loaded: 0)
System memory in use before: 61.1 MB.
System memory in use after: 61.2 MB.

Unloading 5 unused Assets to reduce memory usage. Loaded Objects now: 1670.
Total: 1.388500 ms (FindLiveObjects: 0.168500 ms CreateObjectMapping: 0.024900 ms MarkObjects: 1.151700 ms  DeleteObjects: 0.042600 ms)

========================================================================
Received Import Request.
  Time since last request: 1489.676725 seconds.
  path: Assets/Fonts/Roboto-BoldItalic.ttf
  artifactKey: Guid(12c5b6ed65c350542a1c5fa05c714b02) Importer(815301076,1909f56bfc062723c751e8b465ee728b)
Start importing Assets/Fonts/Roboto-BoldItalic.ttf using Guid(12c5b6ed65c350542a1c5fa05c714b02) Importer(815301076,1909f56bfc062723c751e8b465ee728b)  -> (artifact id: 'a51eab6bd073d34e1676867499757bdb') in 0.051126 seconds
  Import took 0.052962 seconds .

========================================================================
Received Import Request.
  Time since last request: 0.000251 seconds.
  path: Assets/Fonts/Roboto-Italic.ttf
  artifactKey: Guid(8045310b27eded341bed13ab6e678c6d) Importer(815301076,1909f56bfc062723c751e8b465ee728b)
Start importing Assets/Fonts/Roboto-Italic.ttf using Guid(8045310b27eded341bed13ab6e678c6d) Importer(815301076,1909f56bfc062723c751e8b465ee728b)  -> (artifact id: 'b049eb14de20d63033dbeafdfdbd5b6a') in 0.007162 seconds
  Import took 0.008830 seconds .

========================================================================
Received Prepare
Registering precompiled user dll's ...
Registered in 0.000596 seconds.
Begin MonoManager ReloadAssembly
Native extension for WindowsStandalone target not found
Refreshing native plugins compatible for Editor in 0.23 ms, found 0 plugins.
Preloading 0 native plugins for Editor in 0.00 ms.
Invoked RoslynAnalysisRunner static constructor.
RoslynAnalysisRunner will not be running.
RoslynAnalysisRunner has terminated.
Mono: successfully reloaded assembly
- Completed reload, in  0.602 seconds
Platform modules already initialized, skipping
Refreshing native plugins compatible for Editor in 0.21 ms, found 0 plugins.
Preloading 0 native plugins for Editor in 0.00 ms.
Unloading 1120 Unused Serialized files (Serialized files now loaded: 0)
System memory in use before: 61.1 MB.
System memory in use after: 61.2 MB.

Unloading 5 unused Assets to reduce memory usage. Loaded Objects now: 1675.
Total: 1.584700 ms (FindLiveObjects: 0.193800 ms CreateObjectMapping: 0.027200 ms MarkObjects: 1.305700 ms  DeleteObjects: 0.057000 ms)

========================================================================
Received Import Request.
  Time since last request: 657.936688 seconds.
  path: Assets/prefabs/ShopTurretItem (1).prefab
  artifactKey: Guid(8c4828af950b1e34f97d4d344e1c9805) Importer(815301076,1909f56bfc062723c751e8b465ee728b)
Start importing Assets/prefabs/ShopTurretItem (1).prefab using Guid(8c4828af950b1e34f97d4d344e1c9805) Importer(815301076,1909f56bfc062723c751e8b465ee728b)  -> (artifact id: '76bcdfa50cac4eae4816e51661f1e8eb') in 0.027304 seconds
  Import took 0.029251 seconds .

========================================================================
Received Import Request.
  Time since last request: 0.000253 seconds.
  path: Assets/prefabs/ShopTurretItem.prefab
  artifactKey: Guid(bab919945403d0040bb171150f64ad2a) Importer(815301076,1909f56bfc062723c751e8b465ee728b)
Start importing Assets/prefabs/ShopTurretItem.prefab using Guid(bab919945403d0040bb171150f64ad2a) Importer(815301076,1909f56bfc062723c751e8b465ee728b)  -> (artifact id: 'd87cb8f4041767d62bb8e7c1e9c06b6d') in 0.008042 seconds
  Import took 0.009807 seconds .

========================================================================
Received Import Request.
  Time since last request: 43.070871 seconds.
  path: Assets/prefabs/BuildEffect.prefab
  artifactKey: Guid(7a0cfce53ba45c84f848b0ebfc55854a) Importer(815301076,1909f56bfc062723c751e8b465ee728b)
Start importing Assets/prefabs/BuildEffect.prefab using Guid(7a0cfce53ba45c84f848b0ebfc55854a) Importer(815301076,1909f56bfc062723c751e8b465ee728b)  -> (artifact id: '45109ec53443628a47c34922f51cfcd8') in 0.005315 seconds
  Import took 0.007223 seconds .

========================================================================
Received Import Request.
  Time since last request: 0.014040 seconds.
  path: Assets/prefabs/BuildEffect.prefab
  artifactKey: Guid(7a0cfce53ba45c84f848b0ebfc55854a) Importer(815301076,1909f56bfc062723c751e8b465ee728b)
Start importing Assets/prefabs/BuildEffect.prefab using Guid(7a0cfce53ba45c84f848b0ebfc55854a) Importer(815301076,1909f56bfc062723c751e8b465ee728b)  -> (artifact id: '45109ec53443628a47c34922f51cfcd8') in 0.003965 seconds
  Import took 0.006123 seconds .

========================================================================
Received Import Request.
  Time since last request: 30.386456 seconds.
  path: Assets/prefabs/BuildEffect.prefab
  artifactKey: Guid(7a0cfce53ba45c84f848b0ebfc55854a) Importer(815301076,1909f56bfc062723c751e8b465ee728b)
Start importing Assets/prefabs/BuildEffect.prefab using Guid(7a0cfce53ba45c84f848b0ebfc55854a) Importer(815301076,1909f56bfc062723c751e8b465ee728b)  -> (artifact id: '49a6ef9a24df36e3f80ffaf3634b8af6') in 0.002620 seconds
  Import took 0.004323 seconds .

========================================================================
Received Import Request.
  Time since last request: 0.000791 seconds.
  path: Assets/prefabs/BuildEffect.prefab
  artifactKey: Guid(7a0cfce53ba45c84f848b0ebfc55854a) Importer(815301076,1909f56bfc062723c751e8b465ee728b)
Start importing Assets/prefabs/BuildEffect.prefab using Guid(7a0cfce53ba45c84f848b0ebfc55854a) Importer(815301076,1909f56bfc062723c751e8b465ee728b)  -> (artifact id: '49a6ef9a24df36e3f80ffaf3634b8af6') in 0.003040 seconds
  Import took 0.004652 seconds .

========================================================================
Received Import Request.
  Time since last request: 4.404272 seconds.
  path: Assets/prefabs/BuildEffect.prefab
  artifactKey: Guid(7a0cfce53ba45c84f848b0ebfc55854a) Importer(815301076,1909f56bfc062723c751e8b465ee728b)
Start importing Assets/prefabs/BuildEffect.prefab using Guid(7a0cfce53ba45c84f848b0ebfc55854a) Importer(815301076,1909f56bfc062723c751e8b465ee728b)  -> (artifact id: '327f26d4976ac6b16a1afe7d78ea68bc') in 0.002938 seconds
  Import took 0.004773 seconds .

========================================================================
Received Import Request.
  Time since last request: 0.009597 seconds.
  path: Assets/prefabs/BuildEffect.prefab
  artifactKey: Guid(7a0cfce53ba45c84f848b0ebfc55854a) Importer(815301076,1909f56bfc062723c751e8b465ee728b)
Start importing Assets/prefabs/BuildEffect.prefab using Guid(7a0cfce53ba45c84f848b0ebfc55854a) Importer(815301076,1909f56bfc062723c751e8b465ee728b)  -> (artifact id: '327f26d4976ac6b16a1afe7d78ea68bc') in 0.003130 seconds
  Import took 0.005028 seconds .

========================================================================
Received Import Request.
  Time since last request: 346.917208 seconds.
  path: Assets/prefabs/BuildEffect Variant.prefab
  artifactKey: Guid(ca748b733b10f25468883e299f9cf5e0) Importer(815301076,1909f56bfc062723c751e8b465ee728b)
Start importing Assets/prefabs/BuildEffect Variant.prefab using Guid(ca748b733b10f25468883e299f9cf5e0) Importer(815301076,1909f56bfc062723c751e8b465ee728b)  -> (artifact id: 'd8a7e2caad793dd61ea5f4da21943479') in 0.004012 seconds
  Import took 0.006070 seconds .

========================================================================
Received Import Request.
  Time since last request: 0.008688 seconds.
  path: Assets/prefabs/BuildEffect Variant.prefab
  artifactKey: Guid(ca748b733b10f25468883e299f9cf5e0) Importer(815301076,1909f56bfc062723c751e8b465ee728b)
Start importing Assets/prefabs/BuildEffect Variant.prefab using Guid(ca748b733b10f25468883e299f9cf5e0) Importer(815301076,1909f56bfc062723c751e8b465ee728b)  -> (artifact id: 'd8a7e2caad793dd61ea5f4da21943479') in 0.003179 seconds
  Import took 0.004847 seconds .

========================================================================
Received Import Request.
  Time since last request: 9.186177 seconds.
  path: Assets/prefabs/BuildEffect Variant.prefab
  artifactKey: Guid(ca748b733b10f25468883e299f9cf5e0) Importer(815301076,1909f56bfc062723c751e8b465ee728b)
Start importing Assets/prefabs/BuildEffect Variant.prefab using Guid(ca748b733b10f25468883e299f9cf5e0) Importer(815301076,1909f56bfc062723c751e8b465ee728b)  -> (artifact id: 'c88b982a845ece4df3fe2fa01038ed15') in 0.004409 seconds
  Import took 0.006716 seconds .

========================================================================
Received Import Request.
  Time since last request: 9.769662 seconds.
  path: Assets/prefabs/BuildEffect.prefab
  artifactKey: Guid(ca748b733b10f25468883e299f9cf5e0) Importer(815301076,1909f56bfc062723c751e8b465ee728b)
Start importing Assets/prefabs/BuildEffect.prefab using Guid(ca748b733b10f25468883e299f9cf5e0) Importer(815301076,1909f56bfc062723c751e8b465ee728b)  -> (artifact id: 'e1a1c67ad640fb3ef59f7d55d8cac2aa') in 0.003325 seconds
  Import took 0.005147 seconds .

========================================================================
Received Import Request.
  Time since last request: 0.010552 seconds.
  path: Assets/prefabs/BuildEffect.prefab
  artifactKey: Guid(ca748b733b10f25468883e299f9cf5e0) Importer(815301076,1909f56bfc062723c751e8b465ee728b)
Start importing Assets/prefabs/BuildEffect.prefab using Guid(ca748b733b10f25468883e299f9cf5e0) Importer(815301076,1909f56bfc062723c751e8b465ee728b)  -> (artifact id: 'e1a1c67ad640fb3ef59f7d55d8cac2aa') in 0.003402 seconds
  Import took 0.005214 seconds .

========================================================================
Received Prepare
Registering precompiled user dll's ...
Registered in 0.000651 seconds.
Begin MonoManager ReloadAssembly
Native extension for WindowsStandalone target not found
Refreshing native plugins compatible for Editor in 0.23 ms, found 0 plugins.
Preloading 0 native plugins for Editor in 0.00 ms.
Invoked RoslynAnalysisRunner static constructor.
RoslynAnalysisRunner will not be running.
RoslynAnalysisRunner has terminated.
Mono: successfully reloaded assembly
- Completed reload, in  0.609 seconds
Platform modules already initialized, skipping
Refreshing native plugins compatible for Editor in 0.19 ms, found 0 plugins.
Preloading 0 native plugins for Editor in 0.00 ms.
Unloading 1120 Unused Serialized files (Serialized files now loaded: 0)
System memory in use before: 61.2 MB.
System memory in use after: 61.2 MB.

Unloading 6 unused Assets to reduce memory usage. Loaded Objects now: 1678.
Total: 1.827600 ms (FindLiveObjects: 0.188100 ms CreateObjectMapping: 0.029200 ms MarkObjects: 1.541100 ms  DeleteObjects: 0.067600 ms)

========================================================================
Received Prepare
Registering precompiled user dll's ...
Registered in 0.000746 seconds.
Begin MonoManager ReloadAssembly
Native extension for WindowsStandalone target not found
Refreshing native plugins compatible for Editor in 0.28 ms, found 0 plugins.
Preloading 0 native plugins for Editor in 0.00 ms.
Invoked RoslynAnalysisRunner static constructor.
RoslynAnalysisRunner will not be running.
RoslynAnalysisRunner has terminated.
Mono: successfully reloaded assembly
- Completed reload, in  0.581 seconds
Platform modules already initialized, skipping
Refreshing native plugins compatible for Editor in 0.20 ms, found 0 plugins.
Preloading 0 native plugins for Editor in 0.00 ms.
Unloading 1120 Unused Serialized files (Serialized files now loaded: 0)
System memory in use before: 61.2 MB.
System memory in use after: 61.2 MB.

Unloading 5 unused Assets to reduce memory usage. Loaded Objects now: 1681.
Total: 1.433700 ms (FindLiveObjects: 0.158900 ms CreateObjectMapping: 0.025800 ms MarkObjects: 1.204400 ms  DeleteObjects: 0.043900 ms)

========================================================================
Received Import Request.
  Time since last request: 307.540525 seconds.
  path: Assets/Materials/BuildEffect.mat
  artifactKey: Guid(4328ba1df8c87254193e83d501204fe7) Importer(815301076,1909f56bfc062723c751e8b465ee728b)
Start importing Assets/Materials/BuildEffect.mat using Guid(4328ba1df8c87254193e83d501204fe7) Importer(815301076,1909f56bfc062723c751e8b465ee728b)  -> (artifact id: 'aea7be89adb777816b9e251258bff5a3') in 0.043664 seconds
  Import took 0.045591 seconds .

========================================================================
Received Prepare
Registering precompiled user dll's ...
Registered in 0.000657 seconds.
Begin MonoManager ReloadAssembly
Native extension for WindowsStandalone target not found
Refreshing native plugins compatible for Editor in 0.22 ms, found 0 plugins.
Preloading 0 native plugins for Editor in 0.00 ms.
Invoked RoslynAnalysisRunner static constructor.
RoslynAnalysisRunner will not be running.
RoslynAnalysisRunner has terminated.
Mono: successfully reloaded assembly
- Completed reload, in  0.573 seconds
Platform modules already initialized, skipping
Refreshing native plugins compatible for Editor in 0.16 ms, found 0 plugins.
Preloading 0 native plugins for Editor in 0.00 ms.
Unloading 1120 Unused Serialized files (Serialized files now loaded: 0)
System memory in use before: 61.2 MB.
System memory in use after: 61.3 MB.

Unloading 5 unused Assets to reduce memory usage. Loaded Objects now: 1685.
Total: 1.731400 ms (FindLiveObjects: 0.142500 ms CreateObjectMapping: 0.027300 ms MarkObjects: 1.503400 ms  DeleteObjects: 0.057100 ms)

AssetImportWorkerClient::OnTransportError - code=2 error=End of file
