Using pre-set license
Built from '2020.3/staging' branch; Version is '2020.3.0f1 (c7b5465681fb) revision 13088070'; Using compiler version '192528614'; Build Type 'Release'
OS: 'Windows 10 Pro; OS build 19042.1083; Version 2009; 64bit' Language: 'fr' Physical Memory: 16310 MB
BatchMode: 1, IsHumanControllingUs: 0, StartBugReporterOnCrash: 0, Is64bit: 1, IsPro: 0

 COMMAND LINE ARGUMENTS:
C:\Program Files\Unity\Hub\Editor\2020.3.0f1\Editor\Unity.exe
-adb2
-batchMode
-noUpm
-name
AssetImportWorker0
-projectPath
S:/TowerDefense/TowerDefense
-logFile
Logs/AssetImportWorker0.log
-srvPort
51550
Successfully changed project path to: S:/TowerDefense/TowerDefense
S:/TowerDefense/TowerDefense
Using Asset Import Pipeline V2.
Refreshing native plugins compatible for Editor in 18.48 ms, found 0 plugins.
Preloading 0 native plugins for Editor in 0.00 ms.
Initialize engine version: 2020.3.0f1 (c7b5465681fb)
[Subsystems] Discovering subsystems at path C:/Program Files/Unity/Hub/Editor/2020.3.0f1/Editor/Data/Resources/UnitySubsystems
[Subsystems] Discovering subsystems at path S:/TowerDefense/TowerDefense/Assets
GfxDevice: creating device client; threaded=0
Direct3D:
    Version:  Direct3D 11.0 [level 11.1]
    Renderer: AMD Radeon RX 5600 XT (ID=0x731f)
    Vendor:   
    VRAM:     6103 MB
    Driver:   27.20.22001.14011
Initialize mono
Mono path[0] = 'C:/Program Files/Unity/Hub/Editor/2020.3.0f1/Editor/Data/Managed'
Mono path[1] = 'C:/Program Files/Unity/Hub/Editor/2020.3.0f1/Editor/Data/MonoBleedingEdge/lib/mono/unityjit'
Mono config path = 'C:/Program Files/Unity/Hub/Editor/2020.3.0f1/Editor/Data/MonoBleedingEdge/etc'
Using monoOptions --debugger-agent=transport=dt_socket,embedding=1,server=y,suspend=n,address=127.0.0.1:56540
Begin MonoManager ReloadAssembly
Registering precompiled unity dll's ...
Register platform support module: C:/Program Files/Unity/Hub/Editor/2020.3.0f1/Editor/Data/PlaybackEngines/WindowsStandaloneSupport/UnityEditor.WindowsStandalone.Extensions.dll
Registered in 0.001995 seconds.
Native extension for WindowsStandalone target not found
Refreshing native plugins compatible for Editor in 18.92 ms, found 0 plugins.
Preloading 0 native plugins for Editor in 0.00 ms.
Invoked RoslynAnalysisRunner static constructor.
RoslynAnalysisRunner will not be running.
RoslynAnalysisRunner has terminated.
Mono: successfully reloaded assembly
- Completed reload, in  0.907 seconds
Platform modules already initialized, skipping
Registering precompiled user dll's ...
Registered in 0.000713 seconds.
Begin MonoManager ReloadAssembly
Native extension for WindowsStandalone target not found
Refreshing native plugins compatible for Editor in 0.23 ms, found 0 plugins.
Preloading 0 native plugins for Editor in 0.00 ms.
Invoked RoslynAnalysisRunner static constructor.
RoslynAnalysisRunner will not be running.
RoslynAnalysisRunner has terminated.
Mono: successfully reloaded assembly
- Completed reload, in  0.645 seconds
Platform modules already initialized, skipping
========================================================================
Worker process is ready to serve import requests
Launched and connected shader compiler UnityShaderCompiler.exe after 0.04 seconds
Refreshing native plugins compatible for Editor in 0.25 ms, found 0 plugins.
Preloading 0 native plugins for Editor in 0.00 ms.
Unloading 1122 Unused Serialized files (Serialized files now loaded: 0)
System memory in use before: 57.4 MB.
System memory in use after: 57.4 MB.

Unloading 10 unused Assets to reduce memory usage. Loaded Objects now: 1566.
Total: 1.542200 ms (FindLiveObjects: 0.141900 ms CreateObjectMapping: 0.029000 ms MarkObjects: 1.301800 ms  DeleteObjects: 0.068800 ms)

========================================================================
Received Import Request.
  path: Assets/Imports/tower-defense-assets/Models/Standard Turret/Turret_Barrels.mat
  artifactKey: Guid(ead58ea128a92954fa28b6f80047b21b) Importer(815301076,1909f56bfc062723c751e8b465ee728b)
Start importing Assets/Imports/tower-defense-assets/Models/Standard Turret/Turret_Barrels.mat using Guid(ead58ea128a92954fa28b6f80047b21b) Importer(815301076,1909f56bfc062723c751e8b465ee728b)  -> (artifact id: 'd76741b726cd0a4bb6a3e9e84684331b') in 0.107567 seconds
  Import took 0.109752 seconds .

========================================================================
Received Import Request.
  Time since last request: 0.000253 seconds.
  path: Assets/Imports/tower-defense-assets/Models/Standard Turret/Turrel_secondary.mat
  artifactKey: Guid(1933fb73a43dbb8479670c1f0b4b2fb1) Importer(815301076,1909f56bfc062723c751e8b465ee728b)
Start importing Assets/Imports/tower-defense-assets/Models/Standard Turret/Turrel_secondary.mat using Guid(1933fb73a43dbb8479670c1f0b4b2fb1) Importer(815301076,1909f56bfc062723c751e8b465ee728b)  -> (artifact id: 'b831672140ef9c0e3a5ff6ac74ef2b42') in 0.008158 seconds
  Import took 0.009616 seconds .

========================================================================
Received Import Request.
  Time since last request: 0.000237 seconds.
  path: Assets/Imports/tower-defense-assets/Models/Standard Turret/Turrel_main.mat
  artifactKey: Guid(23d092d039496344da3e9c626fe6160f) Importer(815301076,1909f56bfc062723c751e8b465ee728b)
Start importing Assets/Imports/tower-defense-assets/Models/Standard Turret/Turrel_main.mat using Guid(23d092d039496344da3e9c626fe6160f) Importer(815301076,1909f56bfc062723c751e8b465ee728b)  -> (artifact id: '2037d727be1a9fe8ad27e424147f7f1b') in 0.007541 seconds
  Import took 0.009033 seconds .

========================================================================
Received Import Request.
  Time since last request: 0.000239 seconds.
  path: Assets/Materials/BulletImpact.mat
  artifactKey: Guid(eeef86ae2e95d1648a489a858995ddff) Importer(815301076,1909f56bfc062723c751e8b465ee728b)
Start importing Assets/Materials/BulletImpact.mat using Guid(eeef86ae2e95d1648a489a858995ddff) Importer(815301076,1909f56bfc062723c751e8b465ee728b)  -> (artifact id: '29be187183ccc0a192e0ebfae7fd6e00') in 0.007115 seconds
  Import took 0.008622 seconds .

========================================================================
Received Import Request.
  Time since last request: 550.779558 seconds.
  path: Assets/Imports/tower-defense-assets/Models/Missile Launcher/Missile Launcher.fbx
  artifactKey: Guid(687b028ff5df11349a62ac4ebac56540) Importer(815301076,1909f56bfc062723c751e8b465ee728b)
Start importing Assets/Imports/tower-defense-assets/Models/Missile Launcher/Missile Launcher.fbx using Guid(687b028ff5df11349a62ac4ebac56540) Importer(815301076,1909f56bfc062723c751e8b465ee728b)  -> (artifact id: '1cb914ab9bd3b39df5efd19be861e2be') in 0.063519 seconds
  Import took 0.065583 seconds .

========================================================================
Received Import Request.
  Time since last request: 276.655020 seconds.
  path: Assets/Imports/tower-defense-assets/Models/Missile Launcher/Missile Launcher.fbx
  artifactKey: Guid(687b028ff5df11349a62ac4ebac56540) Importer(815301076,1909f56bfc062723c751e8b465ee728b)
Start importing Assets/Imports/tower-defense-assets/Models/Missile Launcher/Missile Launcher.fbx using Guid(687b028ff5df11349a62ac4ebac56540) Importer(815301076,1909f56bfc062723c751e8b465ee728b)  -> (artifact id: '8b1adcc77666f1e4c76d52b7caedeb6d') in 0.023036 seconds
  Import took 0.024993 seconds .

========================================================================
Received Import Request.
  Time since last request: 504.875841 seconds.
  path: Assets/Imports/tower-defense-assets/Models/Missile Launcher
  artifactKey: Guid(db26676f8e95ea04fa7775a0d7b1e6ab) Importer(815301076,1909f56bfc062723c751e8b465ee728b)
Start importing Assets/Imports/tower-defense-assets/Models/Missile Launcher using Guid(db26676f8e95ea04fa7775a0d7b1e6ab) Importer(815301076,1909f56bfc062723c751e8b465ee728b)  -> (artifact id: 'e8e513c3620a408f2196f9f442e3eae1') in 0.002576 seconds
  Import took 0.004352 seconds .

========================================================================
Received Import Request.
  Time since last request: 3329.929748 seconds.
  path: Assets/Imports/tower-defense-assets/Models/Missile Launcher/Missile launcher.prefab
  artifactKey: Guid(e42dfb938a14d9e44959f599aef70b8e) Importer(815301076,1909f56bfc062723c751e8b465ee728b)
Start importing Assets/Imports/tower-defense-assets/Models/Missile Launcher/Missile launcher.prefab using Guid(e42dfb938a14d9e44959f599aef70b8e) Importer(815301076,1909f56bfc062723c751e8b465ee728b)  -> (artifact id: 'a22a05530748a002e94bc51350d21a4e') in 0.006263 seconds
  Import took 0.008157 seconds .

========================================================================
Received Import Request.
  Time since last request: 5.367607 seconds.
  path: Assets/Imports/tower-defense-assets/Models/Missile Launcher/Missile launcher.prefab
  artifactKey: Guid(e42dfb938a14d9e44959f599aef70b8e) Importer(815301076,1909f56bfc062723c751e8b465ee728b)
Start importing Assets/Imports/tower-defense-assets/Models/Missile Launcher/Missile launcher.prefab using Guid(e42dfb938a14d9e44959f599aef70b8e) Importer(815301076,1909f56bfc062723c751e8b465ee728b)  -> (artifact id: '8815cf98703dde4a2e437b0dff9e561d') in 0.012906 seconds
  Import took 0.014835 seconds .

========================================================================
Received Import Request.
  Time since last request: 19.841434 seconds.
  path: Assets/Imports/tower-defense-assets/Models/Missile Launcher/Missile launcher.prefab
  artifactKey: Guid(e42dfb938a14d9e44959f599aef70b8e) Importer(815301076,1909f56bfc062723c751e8b465ee728b)
Start importing Assets/Imports/tower-defense-assets/Models/Missile Launcher/Missile launcher.prefab using Guid(e42dfb938a14d9e44959f599aef70b8e) Importer(815301076,1909f56bfc062723c751e8b465ee728b)  -> (artifact id: '153a4ae535144c649aa7baa209514126') in 0.007935 seconds
  Import took 0.009836 seconds .

========================================================================
Received Import Request.
  Time since last request: 19.937036 seconds.
  path: Assets/Imports/tower-defense-assets/Models/Missile Launcher/Missile launcher.prefab
  artifactKey: Guid(e42dfb938a14d9e44959f599aef70b8e) Importer(815301076,1909f56bfc062723c751e8b465ee728b)
Start importing Assets/Imports/tower-defense-assets/Models/Missile Launcher/Missile launcher.prefab using Guid(e42dfb938a14d9e44959f599aef70b8e) Importer(815301076,1909f56bfc062723c751e8b465ee728b)  -> (artifact id: 'a1c44dfdc80e3b97cc81bf5468d72cc6') in 0.003250 seconds
  Import took 0.005099 seconds .

========================================================================
Received Import Request.
  Time since last request: 131.712342 seconds.
  path: Assets/Missile Launcher/Missile Launcher.fbx
  artifactKey: Guid(fffb46d02f7e4b0429a43e8c2c1a3f68) Importer(815301076,1909f56bfc062723c751e8b465ee728b)
Start importing Assets/Missile Launcher/Missile Launcher.fbx using Guid(fffb46d02f7e4b0429a43e8c2c1a3f68) Importer(815301076,1909f56bfc062723c751e8b465ee728b)  -> (artifact id: 'a49ce1d076ff58fd4152bb9d4ae1bee0') in 0.036663 seconds
  Import took 0.038503 seconds .

========================================================================
Received Import Request.
  Time since last request: 4.086617 seconds.
  path: Assets/Missile Launcher
  artifactKey: Guid(6b9ab532a877ca049ad56dec64248cb3) Importer(815301076,1909f56bfc062723c751e8b465ee728b)
Start importing Assets/Missile Launcher using Guid(6b9ab532a877ca049ad56dec64248cb3) Importer(815301076,1909f56bfc062723c751e8b465ee728b)  -> (artifact id: 'b779751d4309617d4b412ee45a07320d') in 0.001550 seconds
  Import took 0.003160 seconds .

========================================================================
Received Import Request.
  Time since last request: 0.036769 seconds.
  path: Assets/Missile Launcher/Missile Launcher Texture.png
  artifactKey: Guid(748cf1e86ebe0044584daa2c51c71021) Importer(815301076,1909f56bfc062723c751e8b465ee728b)
Start importing Assets/Missile Launcher/Missile Launcher Texture.png using Guid(748cf1e86ebe0044584daa2c51c71021) Importer(815301076,1909f56bfc062723c751e8b465ee728b)  -> (artifact id: '7fdf3ef20fd48e38bf6d60811b523e8e') in 0.038337 seconds
  Import took 0.040331 seconds .

========================================================================
Received Import Request.
  Time since last request: 65.345398 seconds.
  path: Assets/Missile Launcher/Bolts.mat
  artifactKey: Guid(841befcf91778ff43905169ebeafd69d) Importer(815301076,1909f56bfc062723c751e8b465ee728b)
Start importing Assets/Missile Launcher/Bolts.mat using Guid(841befcf91778ff43905169ebeafd69d) Importer(815301076,1909f56bfc062723c751e8b465ee728b)  -> (artifact id: '9b063ea5fcd8b5bc5f6f9096db8c0fe7') in 0.006705 seconds
  Import took 0.008610 seconds .

========================================================================
Received Import Request.
  Time since last request: 0.000212 seconds.
  path: Assets/Missile Launcher/Main Turret.mat
  artifactKey: Guid(0fe6c01e6f566054998956379f5999fa) Importer(815301076,1909f56bfc062723c751e8b465ee728b)
Start importing Assets/Missile Launcher/Main Turret.mat using Guid(0fe6c01e6f566054998956379f5999fa) Importer(815301076,1909f56bfc062723c751e8b465ee728b)  -> (artifact id: '12fd6c43724f152daf67398a1fbd8db9') in 0.005680 seconds
  Import took 0.007337 seconds .

========================================================================
Received Import Request.
  Time since last request: 0.000264 seconds.
  path: Assets/Missile Launcher/Turret Accent.mat
  artifactKey: Guid(6ac26147a7d91314d8d4ad531291dca0) Importer(815301076,1909f56bfc062723c751e8b465ee728b)
Start importing Assets/Missile Launcher/Turret Accent.mat using Guid(6ac26147a7d91314d8d4ad531291dca0) Importer(815301076,1909f56bfc062723c751e8b465ee728b)  -> (artifact id: '172fea1a196409054f479680083b22ef') in 0.006143 seconds
  Import took 0.007899 seconds .

========================================================================
Received Import Request.
  Time since last request: 0.000219 seconds.
  path: Assets/Missile Launcher/Missile Launcher.fbx
  artifactKey: Guid(fffb46d02f7e4b0429a43e8c2c1a3f68) Importer(815301076,1909f56bfc062723c751e8b465ee728b)
Start importing Assets/Missile Launcher/Missile Launcher.fbx using Guid(fffb46d02f7e4b0429a43e8c2c1a3f68) Importer(815301076,1909f56bfc062723c751e8b465ee728b)  -> (artifact id: '890a869351acd17b1634c01fcccb8cad') in 0.023782 seconds
  Import took 0.025318 seconds .

========================================================================
Received Import Request.
  Time since last request: 0.000222 seconds.
  path: Assets/Missile Launcher/Stand.mat
  artifactKey: Guid(74407beb1fd17f84d965ccbc6490f320) Importer(815301076,1909f56bfc062723c751e8b465ee728b)
Start importing Assets/Missile Launcher/Stand.mat using Guid(74407beb1fd17f84d965ccbc6490f320) Importer(815301076,1909f56bfc062723c751e8b465ee728b)  -> (artifact id: '1e13a54cde90160ddb84e317d5753f31') in 0.006462 seconds
  Import took 0.008057 seconds .

========================================================================
Received Import Request.
  Time since last request: 2.804340 seconds.
  path: Assets/Missile Launcher/Missile Launcher.blend
  artifactKey: Guid(634a3dc96d271de45b00c22ea19b6a9a) Importer(815301076,1909f56bfc062723c751e8b465ee728b)
Start importing Assets/Missile Launcher/Missile Launcher.blend using Guid(634a3dc96d271de45b00c22ea19b6a9a) Importer(815301076,1909f56bfc062723c751e8b465ee728b)  -> (artifact id: 'c2e153012fa356f69c17eacdad969d87') in 0.003612 seconds
  Import took 0.005505 seconds .

========================================================================
Received Import Request.
  Time since last request: 76.847133 seconds.
  path: Assets/Missile Launcher/Missile Launcher.fbx
  artifactKey: Guid(fffb46d02f7e4b0429a43e8c2c1a3f68) Importer(815301076,1909f56bfc062723c751e8b465ee728b)
Start importing Assets/Missile Launcher/Missile Launcher.fbx using Guid(fffb46d02f7e4b0429a43e8c2c1a3f68) Importer(815301076,1909f56bfc062723c751e8b465ee728b)  -> (artifact id: '517c1a9852d7e3411676c26557fe62d8') in 0.024275 seconds
  Import took 0.026290 seconds .

========================================================================
Received Import Request.
  Time since last request: 222.076038 seconds.
  path: Assets/Missile Launcher/Missile Launcher.fbx
  artifactKey: Guid(fffb46d02f7e4b0429a43e8c2c1a3f68) Importer(815301076,1909f56bfc062723c751e8b465ee728b)
Start importing Assets/Missile Launcher/Missile Launcher.fbx using Guid(fffb46d02f7e4b0429a43e8c2c1a3f68) Importer(815301076,1909f56bfc062723c751e8b465ee728b)  -> (artifact id: '123410aa67277618eae8beb09267f771') in 0.025355 seconds
  Import took 0.027292 seconds .

========================================================================
Received Import Request.
  Time since last request: 103.370659 seconds.
  path: Assets/Missile Launcher/Missile Launcher.fbx
  artifactKey: Guid(fffb46d02f7e4b0429a43e8c2c1a3f68) Importer(815301076,1909f56bfc062723c751e8b465ee728b)
Start importing Assets/Missile Launcher/Missile Launcher.fbx using Guid(fffb46d02f7e4b0429a43e8c2c1a3f68) Importer(815301076,1909f56bfc062723c751e8b465ee728b)  -> (artifact id: '697b4760bc52a6861cce37c2ff081ed2') in 0.022444 seconds
  Import took 0.024913 seconds .

========================================================================
Received Import Request.
  Time since last request: 30.615824 seconds.
  path: Assets/Missile Launcher/Missile Launcher.fbx
  artifactKey: Guid(fffb46d02f7e4b0429a43e8c2c1a3f68) Importer(815301076,1909f56bfc062723c751e8b465ee728b)
Start importing Assets/Missile Launcher/Missile Launcher.fbx using Guid(fffb46d02f7e4b0429a43e8c2c1a3f68) Importer(815301076,1909f56bfc062723c751e8b465ee728b)  -> (artifact id: '4e35aa2f39d6027ff9451076e9b65177') in 0.026501 seconds
  Import took 0.028349 seconds .

========================================================================
Received Import Request.
  Time since last request: 6.509638 seconds.
  path: Assets/Missile Launcher/Missile Launcher.fbx
  artifactKey: Guid(fffb46d02f7e4b0429a43e8c2c1a3f68) Importer(815301076,1909f56bfc062723c751e8b465ee728b)
Start importing Assets/Missile Launcher/Missile Launcher.fbx using Guid(fffb46d02f7e4b0429a43e8c2c1a3f68) Importer(815301076,1909f56bfc062723c751e8b465ee728b)  -> (artifact id: '93a3df002598141777834990570abc97') in 0.024197 seconds
  Import took 0.026132 seconds .

========================================================================
Received Import Request.
  Time since last request: 490.350090 seconds.
  path: Assets/Missile Launcher/Materials/Bolts.mat
  artifactKey: Guid(349d5ab567cf67a499a90548ad169d9e) Importer(815301076,1909f56bfc062723c751e8b465ee728b)
Start importing Assets/Missile Launcher/Materials/Bolts.mat using Guid(349d5ab567cf67a499a90548ad169d9e) Importer(815301076,1909f56bfc062723c751e8b465ee728b)  -> (artifact id: 'c242cb1021ad76bffc90bebdc25b44e1') in 0.007041 seconds
  Import took 0.009187 seconds .

========================================================================
Received Import Request.
  Time since last request: 0.000186 seconds.
  path: Assets/Missile Launcher/Materials/Stand.mat
  artifactKey: Guid(fd543b0a31e733848af81cb5c7b70681) Importer(815301076,1909f56bfc062723c751e8b465ee728b)
Start importing Assets/Missile Launcher/Materials/Stand.mat using Guid(fd543b0a31e733848af81cb5c7b70681) Importer(815301076,1909f56bfc062723c751e8b465ee728b)  -> (artifact id: '542aaf1a493fdaf9cf70698cdbf4417d') in 0.006177 seconds
  Import took 0.007769 seconds .

========================================================================
Received Import Request.
  Time since last request: 0.000229 seconds.
  path: Assets/Missile Launcher/Materials/Main Turret.mat
  artifactKey: Guid(5b53a3fee94d4a14fb138a26fdb6e900) Importer(815301076,1909f56bfc062723c751e8b465ee728b)
Start importing Assets/Missile Launcher/Materials/Main Turret.mat using Guid(5b53a3fee94d4a14fb138a26fdb6e900) Importer(815301076,1909f56bfc062723c751e8b465ee728b)  -> (artifact id: 'd820e20efef7ee05098d816c2eb023c4') in 0.007352 seconds
  Import took 0.008944 seconds .

========================================================================
Received Import Request.
  Time since last request: 0.000270 seconds.
  path: Assets/Missile Launcher/Materials/Turret Accent.mat
  artifactKey: Guid(cee0a1f56326d9b4cbdbb3e33624dad5) Importer(815301076,1909f56bfc062723c751e8b465ee728b)
Start importing Assets/Missile Launcher/Materials/Turret Accent.mat using Guid(cee0a1f56326d9b4cbdbb3e33624dad5) Importer(815301076,1909f56bfc062723c751e8b465ee728b)  -> (artifact id: '8d127726a095f19e944cddd5b827e849') in 0.006543 seconds
  Import took 0.008170 seconds .

========================================================================
Received Import Request.
  Time since last request: 10.907832 seconds.
  path: Assets/Missile Launcher/Materials
  artifactKey: Guid(cebceb1803e5f784d8d2e2bc126810a5) Importer(815301076,1909f56bfc062723c751e8b465ee728b)
Start importing Assets/Missile Launcher/Materials using Guid(cebceb1803e5f784d8d2e2bc126810a5) Importer(815301076,1909f56bfc062723c751e8b465ee728b)  -> (artifact id: '0d1c9194bd831af02b50194c8acc9b64') in 0.001825 seconds
  Import took 0.003603 seconds .

========================================================================
Received Import Request.
  Time since last request: 7.799190 seconds.
  path: Assets/Missile Launcher/Materials/New Material.mat
  artifactKey: Guid(4ab8261b43e1444488060ae392067966) Importer(815301076,1909f56bfc062723c751e8b465ee728b)
Start importing Assets/Missile Launcher/Materials/New Material.mat using Guid(4ab8261b43e1444488060ae392067966) Importer(815301076,1909f56bfc062723c751e8b465ee728b)  -> (artifact id: '254cf375ab138425299fe3518e07744b') in 0.006945 seconds
  Import took 0.008833 seconds .

========================================================================
Received Import Request.
  Time since last request: 452.091668 seconds.
  path: Assets/prefabs/MissileLauncher.prefab
  artifactKey: Guid(64623497ae08a7644a87934bb1c65ec1) Importer(815301076,1909f56bfc062723c751e8b465ee728b)
Start importing Assets/prefabs/MissileLauncher.prefab using Guid(64623497ae08a7644a87934bb1c65ec1) Importer(815301076,1909f56bfc062723c751e8b465ee728b)  -> (artifact id: '55b7b7b2eca3ab9a52a287598c76de1c') in 0.013162 seconds
  Import took 0.015368 seconds .

========================================================================
Received Import Request.
  Time since last request: 0.000383 seconds.
  path: Assets/prefabs/MissileLauncher.prefab
  artifactKey: Guid(64623497ae08a7644a87934bb1c65ec1) Importer(815301076,1909f56bfc062723c751e8b465ee728b)
Start importing Assets/prefabs/MissileLauncher.prefab using Guid(64623497ae08a7644a87934bb1c65ec1) Importer(815301076,1909f56bfc062723c751e8b465ee728b)  -> (artifact id: '55b7b7b2eca3ab9a52a287598c76de1c') in 0.008626 seconds
  Import took 0.010618 seconds .

========================================================================
Received Import Request.
  Time since last request: 93.329354 seconds.
  path: Assets/Scripts/Shop.cs
  artifactKey: Guid(7af6e90e097ecd44396a3c05f74ed9a9) Importer(815301076,1909f56bfc062723c751e8b465ee728b)
Start importing Assets/Scripts/Shop.cs using Guid(7af6e90e097ecd44396a3c05f74ed9a9) Importer(815301076,1909f56bfc062723c751e8b465ee728b)  -> (artifact id: '162c7f4ec8aa70314ac76c313f320b64') in 0.117613 seconds
  Import took 0.119507 seconds .

========================================================================
Received Prepare
Registering precompiled user dll's ...
Registered in 0.000605 seconds.
Begin MonoManager ReloadAssembly
Native extension for WindowsStandalone target not found
Refreshing native plugins compatible for Editor in 0.21 ms, found 0 plugins.
Preloading 0 native plugins for Editor in 0.00 ms.
Invoked RoslynAnalysisRunner static constructor.
RoslynAnalysisRunner will not be running.
RoslynAnalysisRunner has terminated.
Mono: successfully reloaded assembly
- Completed reload, in  0.615 seconds
Platform modules already initialized, skipping
Refreshing native plugins compatible for Editor in 0.21 ms, found 0 plugins.
Preloading 0 native plugins for Editor in 0.00 ms.
Unloading 1117 Unused Serialized files (Serialized files now loaded: 0)
System memory in use before: 61.0 MB.
System memory in use after: 61.0 MB.

Unloading 6 unused Assets to reduce memory usage. Loaded Objects now: 1615.
Total: 1.424700 ms (FindLiveObjects: 0.141000 ms CreateObjectMapping: 0.027500 ms MarkObjects: 1.210000 ms  DeleteObjects: 0.045500 ms)

========================================================================
Received Import Request.
  Time since last request: 109.224762 seconds.
  path: Assets/Scripts/Shop.cs
  artifactKey: Guid(7af6e90e097ecd44396a3c05f74ed9a9) Importer(815301076,1909f56bfc062723c751e8b465ee728b)
Start importing Assets/Scripts/Shop.cs using Guid(7af6e90e097ecd44396a3c05f74ed9a9) Importer(815301076,1909f56bfc062723c751e8b465ee728b)  -> (artifact id: '38b5b7b8373afc0800606854db5c2a78') in 0.003310 seconds
  Import took 0.004776 seconds .

========================================================================
Received Prepare
Registering precompiled user dll's ...
Registered in 0.000790 seconds.
Begin MonoManager ReloadAssembly
Native extension for WindowsStandalone target not found
Refreshing native plugins compatible for Editor in 0.27 ms, found 0 plugins.
Preloading 0 native plugins for Editor in 0.00 ms.
Invoked RoslynAnalysisRunner static constructor.
RoslynAnalysisRunner will not be running.
RoslynAnalysisRunner has terminated.
Mono: successfully reloaded assembly
- Completed reload, in  0.660 seconds
Platform modules already initialized, skipping
Refreshing native plugins compatible for Editor in 0.23 ms, found 0 plugins.
Preloading 0 native plugins for Editor in 0.00 ms.
Unloading 1117 Unused Serialized files (Serialized files now loaded: 0)
System memory in use before: 61.0 MB.
System memory in use after: 61.1 MB.

Unloading 5 unused Assets to reduce memory usage. Loaded Objects now: 1618.
Total: 1.666500 ms (FindLiveObjects: 0.210200 ms CreateObjectMapping: 0.024900 ms MarkObjects: 1.376900 ms  DeleteObjects: 0.053600 ms)

========================================================================
Received Import Request.
  Time since last request: 298.559194 seconds.
  path: Assets/Missile Launcher/Materials/bout tete tourelle.mat
  artifactKey: Guid(4ab8261b43e1444488060ae392067966) Importer(815301076,1909f56bfc062723c751e8b465ee728b)
Start importing Assets/Missile Launcher/Materials/bout tete tourelle.mat using Guid(4ab8261b43e1444488060ae392067966) Importer(815301076,1909f56bfc062723c751e8b465ee728b)  -> (artifact id: '3e1de9dc9a12b2627040dc737ca11885') in 0.043522 seconds
  Import took 0.045490 seconds .

========================================================================
Received Import Request.
  Time since last request: 0.000216 seconds.
  path: Assets/Missile Launcher/Materials/Stand.mat
  artifactKey: Guid(fd543b0a31e733848af81cb5c7b70681) Importer(815301076,1909f56bfc062723c751e8b465ee728b)
Start importing Assets/Missile Launcher/Materials/Stand.mat using Guid(fd543b0a31e733848af81cb5c7b70681) Importer(815301076,1909f56bfc062723c751e8b465ee728b)  -> (artifact id: 'e758644fd31622b8c54d984b24a0144d') in 0.006354 seconds
  Import took 0.007990 seconds .

========================================================================
Received Import Request.
  Time since last request: 0.000244 seconds.
  path: Assets/Missile Launcher/Materials/Main Turret.mat
  artifactKey: Guid(5b53a3fee94d4a14fb138a26fdb6e900) Importer(815301076,1909f56bfc062723c751e8b465ee728b)
Start importing Assets/Missile Launcher/Materials/Main Turret.mat using Guid(5b53a3fee94d4a14fb138a26fdb6e900) Importer(815301076,1909f56bfc062723c751e8b465ee728b)  -> (artifact id: 'b41c4f81cc097fc16e022189f556d0d9') in 0.006614 seconds
  Import took 0.008243 seconds .

========================================================================
Received Import Request.
  Time since last request: 9.912005 seconds.
  path: Assets/Missile Launcher/Materials/Missile.mat
  artifactKey: Guid(4b6ea79dba3fbb24fad9b50b2e1558c6) Importer(815301076,1909f56bfc062723c751e8b465ee728b)
Start importing Assets/Missile Launcher/Materials/Missile.mat using Guid(4b6ea79dba3fbb24fad9b50b2e1558c6) Importer(815301076,1909f56bfc062723c751e8b465ee728b)  -> (artifact id: 'a2bb5fddee6a9e06c9bd07e473171688') in 0.006972 seconds
  Import took 0.008803 seconds .

========================================================================
Received Import Request.
  Time since last request: 92.121268 seconds.
  path: Assets/Missile Launcher/Materials/Missile Launcher Texture.mat
  artifactKey: Guid(3d3dec616b2855045b37f56b9d3de90c) Importer(815301076,1909f56bfc062723c751e8b465ee728b)
Start importing Assets/Missile Launcher/Materials/Missile Launcher Texture.mat using Guid(3d3dec616b2855045b37f56b9d3de90c) Importer(815301076,1909f56bfc062723c751e8b465ee728b)  -> (artifact id: 'b67fbf11972e434dba5a769b3696480d') in 0.007923 seconds
  Import took 0.009747 seconds .

========================================================================
Received Import Request.
  Time since last request: 233.432488 seconds.
  path: Assets/prefabs/Missile.prefab
  artifactKey: Guid(b2a59a7ff59dbff4387251f7a3fb7f5f) Importer(815301076,1909f56bfc062723c751e8b465ee728b)
Start importing Assets/prefabs/Missile.prefab using Guid(b2a59a7ff59dbff4387251f7a3fb7f5f) Importer(815301076,1909f56bfc062723c751e8b465ee728b)  -> (artifact id: '907fa59c0f448e521edc64a047233de5') in 0.018637 seconds
  Import took 0.020773 seconds .

========================================================================
Received Import Request.
  Time since last request: 12.906812 seconds.
  path: Assets/prefabs/MissileLauncher.prefab
  artifactKey: Guid(64623497ae08a7644a87934bb1c65ec1) Importer(815301076,1909f56bfc062723c751e8b465ee728b)
Start importing Assets/prefabs/MissileLauncher.prefab using Guid(64623497ae08a7644a87934bb1c65ec1) Importer(815301076,1909f56bfc062723c751e8b465ee728b)  -> (artifact id: '489010d6685c4e89f40ffd1915a95722') in 0.010812 seconds
  Import took 0.013254 seconds .

========================================================================
Received Prepare
Registering precompiled user dll's ...
Registered in 0.000653 seconds.
Begin MonoManager ReloadAssembly
Native extension for WindowsStandalone target not found
Refreshing native plugins compatible for Editor in 0.22 ms, found 0 plugins.
Preloading 0 native plugins for Editor in 0.00 ms.
Invoked RoslynAnalysisRunner static constructor.
RoslynAnalysisRunner will not be running.
RoslynAnalysisRunner has terminated.
Mono: successfully reloaded assembly
- Completed reload, in  0.636 seconds
Platform modules already initialized, skipping
Refreshing native plugins compatible for Editor in 0.20 ms, found 0 plugins.
Preloading 0 native plugins for Editor in 0.00 ms.
Unloading 1117 Unused Serialized files (Serialized files now loaded: 0)
System memory in use before: 61.0 MB.
System memory in use after: 61.1 MB.

Unloading 5 unused Assets to reduce memory usage. Loaded Objects now: 1622.
Total: 1.764700 ms (FindLiveObjects: 0.164400 ms CreateObjectMapping: 0.023500 ms MarkObjects: 1.526400 ms  DeleteObjects: 0.049500 ms)

========================================================================
Received Prepare
Registering precompiled user dll's ...
Registered in 0.000628 seconds.
Begin MonoManager ReloadAssembly
Native extension for WindowsStandalone target not found
Refreshing native plugins compatible for Editor in 0.22 ms, found 0 plugins.
Preloading 0 native plugins for Editor in 0.00 ms.
Invoked RoslynAnalysisRunner static constructor.
RoslynAnalysisRunner will not be running.
RoslynAnalysisRunner has terminated.
Mono: successfully reloaded assembly
- Completed reload, in  0.614 seconds
Platform modules already initialized, skipping
Refreshing native plugins compatible for Editor in 0.23 ms, found 0 plugins.
Preloading 0 native plugins for Editor in 0.00 ms.
Unloading 1117 Unused Serialized files (Serialized files now loaded: 0)
System memory in use before: 61.0 MB.
System memory in use after: 61.1 MB.

Unloading 5 unused Assets to reduce memory usage. Loaded Objects now: 1625.
Total: 1.804200 ms (FindLiveObjects: 0.197100 ms CreateObjectMapping: 0.028100 ms MarkObjects: 1.531000 ms  DeleteObjects: 0.046800 ms)

========================================================================
Received Prepare
Registering precompiled user dll's ...
Registered in 0.000656 seconds.
Begin MonoManager ReloadAssembly
Native extension for WindowsStandalone target not found
Refreshing native plugins compatible for Editor in 0.22 ms, found 0 plugins.
Preloading 0 native plugins for Editor in 0.00 ms.
Invoked RoslynAnalysisRunner static constructor.
RoslynAnalysisRunner will not be running.
RoslynAnalysisRunner has terminated.
Mono: successfully reloaded assembly
- Completed reload, in  0.599 seconds
Platform modules already initialized, skipping
Refreshing native plugins compatible for Editor in 0.19 ms, found 0 plugins.
Preloading 0 native plugins for Editor in 0.00 ms.
Unloading 1117 Unused Serialized files (Serialized files now loaded: 0)
System memory in use before: 61.0 MB.
System memory in use after: 61.1 MB.

Unloading 5 unused Assets to reduce memory usage. Loaded Objects now: 1628.
Total: 1.503000 ms (FindLiveObjects: 0.146100 ms CreateObjectMapping: 0.028700 ms MarkObjects: 1.276800 ms  DeleteObjects: 0.050400 ms)

========================================================================
Received Prepare
Registering precompiled user dll's ...
Registered in 0.000656 seconds.
Begin MonoManager ReloadAssembly
Native extension for WindowsStandalone target not found
Refreshing native plugins compatible for Editor in 0.23 ms, found 0 plugins.
Preloading 0 native plugins for Editor in 0.00 ms.
Invoked RoslynAnalysisRunner static constructor.
RoslynAnalysisRunner will not be running.
RoslynAnalysisRunner has terminated.
Mono: successfully reloaded assembly
- Completed reload, in  0.614 seconds
Platform modules already initialized, skipping
Refreshing native plugins compatible for Editor in 0.21 ms, found 0 plugins.
Preloading 0 native plugins for Editor in 0.00 ms.
Unloading 1117 Unused Serialized files (Serialized files now loaded: 0)
System memory in use before: 61.0 MB.
System memory in use after: 61.1 MB.

Unloading 5 unused Assets to reduce memory usage. Loaded Objects now: 1631.
Total: 1.767900 ms (FindLiveObjects: 0.170900 ms CreateObjectMapping: 0.028100 ms MarkObjects: 1.519200 ms  DeleteObjects: 0.048700 ms)

========================================================================
Received Import Request.
  Time since last request: 507.829463 seconds.
  path: Assets/prefabs/Bullet.prefab
  artifactKey: Guid(c4a56582ad47bd547b42146bd4a58ac7) Importer(815301076,1909f56bfc062723c751e8b465ee728b)
Start importing Assets/prefabs/Bullet.prefab using Guid(c4a56582ad47bd547b42146bd4a58ac7) Importer(815301076,1909f56bfc062723c751e8b465ee728b)  -> (artifact id: 'e07af17c820aa08469f47db52efb0b44') in 0.048604 seconds
  Import took 0.050560 seconds .

========================================================================
Received Import Request.
  Time since last request: 0.000240 seconds.
  path: Assets/prefabs/Missile.prefab
  artifactKey: Guid(b2a59a7ff59dbff4387251f7a3fb7f5f) Importer(815301076,1909f56bfc062723c751e8b465ee728b)
Start importing Assets/prefabs/Missile.prefab using Guid(b2a59a7ff59dbff4387251f7a3fb7f5f) Importer(815301076,1909f56bfc062723c751e8b465ee728b)  -> (artifact id: '7848e58e80a7f2d37a9c58112b7cc925') in 0.008753 seconds
  Import took 0.010451 seconds .

========================================================================
Received Prepare
Registering precompiled user dll's ...
Registered in 0.000650 seconds.
Begin MonoManager ReloadAssembly
Native extension for WindowsStandalone target not found
Refreshing native plugins compatible for Editor in 0.27 ms, found 0 plugins.
Preloading 0 native plugins for Editor in 0.00 ms.
Invoked RoslynAnalysisRunner static constructor.
RoslynAnalysisRunner will not be running.
RoslynAnalysisRunner has terminated.
Mono: successfully reloaded assembly
- Completed reload, in  0.594 seconds
Platform modules already initialized, skipping
Refreshing native plugins compatible for Editor in 0.20 ms, found 0 plugins.
Preloading 0 native plugins for Editor in 0.00 ms.
Unloading 1117 Unused Serialized files (Serialized files now loaded: 0)
System memory in use before: 61.1 MB.
System memory in use after: 61.1 MB.

Unloading 5 unused Assets to reduce memory usage. Loaded Objects now: 1635.
Total: 1.555800 ms (FindLiveObjects: 0.153700 ms CreateObjectMapping: 0.023300 ms MarkObjects: 1.319000 ms  DeleteObjects: 0.058600 ms)

========================================================================
Received Import Request.
  Time since last request: 36.451183 seconds.
  path: Assets/prefabs/Missile.prefab
  artifactKey: Guid(b2a59a7ff59dbff4387251f7a3fb7f5f) Importer(815301076,1909f56bfc062723c751e8b465ee728b)
Start importing Assets/prefabs/Missile.prefab using Guid(b2a59a7ff59dbff4387251f7a3fb7f5f) Importer(815301076,1909f56bfc062723c751e8b465ee728b)  -> (artifact id: 'b123ebe4f85a26081e10e9179c91096c') in 0.044693 seconds
  Import took 0.046711 seconds .

========================================================================
Received Prepare
Registering precompiled user dll's ...
Registered in 0.000636 seconds.
Begin MonoManager ReloadAssembly
Native extension for WindowsStandalone target not found
Refreshing native plugins compatible for Editor in 0.23 ms, found 0 plugins.
Preloading 0 native plugins for Editor in 0.00 ms.
Invoked RoslynAnalysisRunner static constructor.
RoslynAnalysisRunner will not be running.
RoslynAnalysisRunner has terminated.
Mono: successfully reloaded assembly
- Completed reload, in  0.630 seconds
Platform modules already initialized, skipping
Refreshing native plugins compatible for Editor in 0.21 ms, found 0 plugins.
Preloading 0 native plugins for Editor in 0.00 ms.
Unloading 1117 Unused Serialized files (Serialized files now loaded: 0)
System memory in use before: 61.1 MB.
System memory in use after: 61.2 MB.

Unloading 5 unused Assets to reduce memory usage. Loaded Objects now: 1639.
Total: 1.473400 ms (FindLiveObjects: 0.151700 ms CreateObjectMapping: 0.023100 ms MarkObjects: 1.249600 ms  DeleteObjects: 0.047700 ms)

========================================================================
Received Prepare
Registering precompiled user dll's ...
Registered in 0.000637 seconds.
Begin MonoManager ReloadAssembly
Native extension for WindowsStandalone target not found
Refreshing native plugins compatible for Editor in 0.22 ms, found 0 plugins.
Preloading 0 native plugins for Editor in 0.00 ms.
Invoked RoslynAnalysisRunner static constructor.
RoslynAnalysisRunner will not be running.
RoslynAnalysisRunner has terminated.
Mono: successfully reloaded assembly
- Completed reload, in  0.603 seconds
Platform modules already initialized, skipping
Refreshing native plugins compatible for Editor in 0.21 ms, found 0 plugins.
Preloading 0 native plugins for Editor in 0.00 ms.
Unloading 1117 Unused Serialized files (Serialized files now loaded: 0)
System memory in use before: 61.1 MB.
System memory in use after: 61.2 MB.

Unloading 5 unused Assets to reduce memory usage. Loaded Objects now: 1642.
Total: 1.610700 ms (FindLiveObjects: 0.222700 ms CreateObjectMapping: 0.029400 ms MarkObjects: 1.305200 ms  DeleteObjects: 0.052500 ms)

========================================================================
Received Import Request.
  Time since last request: 207.556087 seconds.
  path: Assets/prefabs/BulletImpactEffect 1.prefab
  artifactKey: Guid(0cd7861cf2ef5d94183ca985e0d2a312) Importer(815301076,1909f56bfc062723c751e8b465ee728b)
Start importing Assets/prefabs/BulletImpactEffect 1.prefab using Guid(0cd7861cf2ef5d94183ca985e0d2a312) Importer(815301076,1909f56bfc062723c751e8b465ee728b)  -> (artifact id: '8d422d555f522334a5cfbd315aec1454') in 0.021411 seconds
  Import took 0.023756 seconds .

========================================================================
Received Import Request.
  Time since last request: 19.399234 seconds.
  path: Assets/prefabs/ExplosionEffect.prefab
  artifactKey: Guid(0cd7861cf2ef5d94183ca985e0d2a312) Importer(815301076,1909f56bfc062723c751e8b465ee728b)
Start importing Assets/prefabs/ExplosionEffect.prefab using Guid(0cd7861cf2ef5d94183ca985e0d2a312) Importer(815301076,1909f56bfc062723c751e8b465ee728b)  -> (artifact id: 'bff19e53193c02347d871dab13f4d6ff') in 0.003680 seconds
  Import took 0.005607 seconds .

========================================================================
Received Import Request.
  Time since last request: 0.005069 seconds.
  path: Assets/prefabs/ExplosionEffect.prefab
  artifactKey: Guid(0cd7861cf2ef5d94183ca985e0d2a312) Importer(815301076,1909f56bfc062723c751e8b465ee728b)
Start importing Assets/prefabs/ExplosionEffect.prefab using Guid(0cd7861cf2ef5d94183ca985e0d2a312) Importer(815301076,1909f56bfc062723c751e8b465ee728b)  -> (artifact id: 'bff19e53193c02347d871dab13f4d6ff') in 0.002997 seconds
  Import took 0.004518 seconds .

========================================================================
Received Import Request.
  Time since last request: 21.650515 seconds.
  path: Assets/prefabs/MissileExplosionEffect.prefab
  artifactKey: Guid(0cd7861cf2ef5d94183ca985e0d2a312) Importer(815301076,1909f56bfc062723c751e8b465ee728b)
Start importing Assets/prefabs/MissileExplosionEffect.prefab using Guid(0cd7861cf2ef5d94183ca985e0d2a312) Importer(815301076,1909f56bfc062723c751e8b465ee728b)  -> (artifact id: '60e9ac50bc31ddd5857926616f59a696') in 0.003463 seconds
  Import took 0.005316 seconds .

========================================================================
Received Import Request.
  Time since last request: 0.001863 seconds.
  path: Assets/prefabs/MissileExplosionEffect.prefab
  artifactKey: Guid(0cd7861cf2ef5d94183ca985e0d2a312) Importer(815301076,1909f56bfc062723c751e8b465ee728b)
Start importing Assets/prefabs/MissileExplosionEffect.prefab using Guid(0cd7861cf2ef5d94183ca985e0d2a312) Importer(815301076,1909f56bfc062723c751e8b465ee728b)  -> (artifact id: '60e9ac50bc31ddd5857926616f59a696') in 0.003046 seconds
  Import took 0.004546 seconds .

========================================================================
Received Import Request.
  Time since last request: 332.879641 seconds.
  path: Assets/Missile Launcher/Materials/Missile.mat
  artifactKey: Guid(4b6ea79dba3fbb24fad9b50b2e1558c6) Importer(815301076,1909f56bfc062723c751e8b465ee728b)
Start importing Assets/Missile Launcher/Materials/Missile.mat using Guid(4b6ea79dba3fbb24fad9b50b2e1558c6) Importer(815301076,1909f56bfc062723c751e8b465ee728b)  -> (artifact id: '8d48e7f9c2165acad3d044001e8f5484') in 0.035763 seconds
  Import took 0.037718 seconds .

========================================================================
Received Import Request.
  Time since last request: 8.304377 seconds.
  path: Assets/Materials/New Material.mat
  artifactKey: Guid(b1d1630f9ab151c4bac54bf553d9ad27) Importer(815301076,1909f56bfc062723c751e8b465ee728b)
Start importing Assets/Materials/New Material.mat using Guid(b1d1630f9ab151c4bac54bf553d9ad27) Importer(815301076,1909f56bfc062723c751e8b465ee728b)  -> (artifact id: 'd4a2b52342556e79d242d5abad279228') in 0.006705 seconds
  Import took 0.008797 seconds .

========================================================================
Received Prepare
Registering precompiled user dll's ...
Registered in 0.000596 seconds.
Begin MonoManager ReloadAssembly
Native extension for WindowsStandalone target not found
Refreshing native plugins compatible for Editor in 0.22 ms, found 0 plugins.
Preloading 0 native plugins for Editor in 0.00 ms.
Invoked RoslynAnalysisRunner static constructor.
RoslynAnalysisRunner will not be running.
RoslynAnalysisRunner has terminated.
Mono: successfully reloaded assembly
- Completed reload, in  0.603 seconds
Platform modules already initialized, skipping
Refreshing native plugins compatible for Editor in 0.21 ms, found 0 plugins.
Preloading 0 native plugins for Editor in 0.00 ms.
Unloading 1117 Unused Serialized files (Serialized files now loaded: 0)
System memory in use before: 61.1 MB.
System memory in use after: 61.2 MB.

Unloading 5 unused Assets to reduce memory usage. Loaded Objects now: 1646.
Total: 1.610100 ms (FindLiveObjects: 0.186200 ms CreateObjectMapping: 0.025200 ms MarkObjects: 1.340900 ms  DeleteObjects: 0.056100 ms)

========================================================================
Received Import Request.
  Time since last request: 435.604801 seconds.
  path: Assets/prefabs/Missile.prefab
  artifactKey: Guid(b2a59a7ff59dbff4387251f7a3fb7f5f) Importer(815301076,1909f56bfc062723c751e8b465ee728b)
Start importing Assets/prefabs/Missile.prefab using Guid(b2a59a7ff59dbff4387251f7a3fb7f5f) Importer(815301076,1909f56bfc062723c751e8b465ee728b)  -> (artifact id: 'e6d490e3eb0411b7c945fb41747a0f53') in 0.045877 seconds
  Import took 0.048026 seconds .

========================================================================
Received Prepare
Registering precompiled user dll's ...
Registered in 0.000692 seconds.
Begin MonoManager ReloadAssembly
Native extension for WindowsStandalone target not found
Refreshing native plugins compatible for Editor in 0.22 ms, found 0 plugins.
Preloading 0 native plugins for Editor in 0.00 ms.
Invoked RoslynAnalysisRunner static constructor.
RoslynAnalysisRunner will not be running.
RoslynAnalysisRunner has terminated.
Mono: successfully reloaded assembly
- Completed reload, in  0.595 seconds
Platform modules already initialized, skipping
Refreshing native plugins compatible for Editor in 0.19 ms, found 0 plugins.
Preloading 0 native plugins for Editor in 0.00 ms.
Unloading 1117 Unused Serialized files (Serialized files now loaded: 0)
System memory in use before: 61.1 MB.
System memory in use after: 61.2 MB.

Unloading 5 unused Assets to reduce memory usage. Loaded Objects now: 1650.
Total: 1.561300 ms (FindLiveObjects: 0.154300 ms CreateObjectMapping: 0.026800 ms MarkObjects: 1.332600 ms  DeleteObjects: 0.046800 ms)

========================================================================
Received Import Request.
  Time since last request: 105.145675 seconds.
  path: Assets/prefabs/MissileExplosionEffect.prefab
  artifactKey: Guid(0cd7861cf2ef5d94183ca985e0d2a312) Importer(815301076,1909f56bfc062723c751e8b465ee728b)
Start importing Assets/prefabs/MissileExplosionEffect.prefab using Guid(0cd7861cf2ef5d94183ca985e0d2a312) Importer(815301076,1909f56bfc062723c751e8b465ee728b)  -> (artifact id: 'f4ef92af0b95d035762c467fedca190c') in 0.021854 seconds
  Import took 0.024116 seconds .

========================================================================
Received Import Request.
  Time since last request: 4.386620 seconds.
  path: Assets/prefabs/MissileExplosionEffect.prefab
  artifactKey: Guid(0cd7861cf2ef5d94183ca985e0d2a312) Importer(815301076,1909f56bfc062723c751e8b465ee728b)
Start importing Assets/prefabs/MissileExplosionEffect.prefab using Guid(0cd7861cf2ef5d94183ca985e0d2a312) Importer(815301076,1909f56bfc062723c751e8b465ee728b)  -> (artifact id: '0032208f4669c3af91f44b6527ad6cbf') in 0.003344 seconds
  Import took 0.005350 seconds .

========================================================================
Received Import Request.
  Time since last request: 157.413464 seconds.
  path: Assets/Materials/MissileExplosionFlaes.mat
  artifactKey: Guid(b1d1630f9ab151c4bac54bf553d9ad27) Importer(815301076,1909f56bfc062723c751e8b465ee728b)
Start importing Assets/Materials/MissileExplosionFlaes.mat using Guid(b1d1630f9ab151c4bac54bf553d9ad27) Importer(815301076,1909f56bfc062723c751e8b465ee728b)  -> (artifact id: '8c0040356bd4b07bf5e45eb93e4fbb48') in 0.032018 seconds
  Import took 0.033885 seconds .

========================================================================
Received Prepare
Registering precompiled user dll's ...
Registered in 0.000693 seconds.
Begin MonoManager ReloadAssembly
Native extension for WindowsStandalone target not found
Refreshing native plugins compatible for Editor in 0.22 ms, found 0 plugins.
Preloading 0 native plugins for Editor in 0.00 ms.
Invoked RoslynAnalysisRunner static constructor.
RoslynAnalysisRunner will not be running.
RoslynAnalysisRunner has terminated.
Mono: successfully reloaded assembly
- Completed reload, in  0.603 seconds
Platform modules already initialized, skipping
Refreshing native plugins compatible for Editor in 0.23 ms, found 0 plugins.
Preloading 0 native plugins for Editor in 0.00 ms.
Unloading 1117 Unused Serialized files (Serialized files now loaded: 0)
System memory in use before: 61.1 MB.
System memory in use after: 61.2 MB.

Unloading 5 unused Assets to reduce memory usage. Loaded Objects now: 1654.
Total: 1.427500 ms (FindLiveObjects: 0.147100 ms CreateObjectMapping: 0.024900 ms MarkObjects: 1.207500 ms  DeleteObjects: 0.047300 ms)

========================================================================
Received Import Request.
  Time since last request: 34.094959 seconds.
  path: Assets/prefabs/MissileExplosionEffect.prefab
  artifactKey: Guid(0cd7861cf2ef5d94183ca985e0d2a312) Importer(815301076,1909f56bfc062723c751e8b465ee728b)
Start importing Assets/prefabs/MissileExplosionEffect.prefab using Guid(0cd7861cf2ef5d94183ca985e0d2a312) Importer(815301076,1909f56bfc062723c751e8b465ee728b)  -> (artifact id: '66de0c22a10259aaa5a5a41fc30528f3') in 0.019609 seconds
  Import took 0.021511 seconds .

========================================================================
Received Import Request.
  Time since last request: 0.001405 seconds.
  path: Assets/prefabs/MissileExplosionEffect.prefab
  artifactKey: Guid(0cd7861cf2ef5d94183ca985e0d2a312) Importer(815301076,1909f56bfc062723c751e8b465ee728b)
Start importing Assets/prefabs/MissileExplosionEffect.prefab using Guid(0cd7861cf2ef5d94183ca985e0d2a312) Importer(815301076,1909f56bfc062723c751e8b465ee728b)  -> (artifact id: '66de0c22a10259aaa5a5a41fc30528f3') in 0.003142 seconds
  Import took 0.004526 seconds .

========================================================================
Received Import Request.
  Time since last request: 6.634309 seconds.
  path: Assets/prefabs/MissileExplosionEffect.prefab
  artifactKey: Guid(0cd7861cf2ef5d94183ca985e0d2a312) Importer(815301076,1909f56bfc062723c751e8b465ee728b)
Start importing Assets/prefabs/MissileExplosionEffect.prefab using Guid(0cd7861cf2ef5d94183ca985e0d2a312) Importer(815301076,1909f56bfc062723c751e8b465ee728b)  -> (artifact id: '931680f1d9ec7e30f883b7c2533d96e9') in 0.004079 seconds
  Import took 0.006412 seconds .

========================================================================
Received Import Request.
  Time since last request: 415.989314 seconds.
  path: Assets/Animations/Light.controller
  artifactKey: Guid(b238dddcfadd010458e4924af1d65199) Importer(815301076,1909f56bfc062723c751e8b465ee728b)
Start importing Assets/Animations/Light.controller using Guid(b238dddcfadd010458e4924af1d65199) Importer(815301076,1909f56bfc062723c751e8b465ee728b)  -> (artifact id: 'e0d8a8c06800e98c9c146d150a903b57') in 0.004983 seconds
  Import took 0.007072 seconds .

========================================================================
Received Import Request.
  Time since last request: 1.400503 seconds.
  path: Assets/Animations/ExplosionLight.anim
  artifactKey: Guid(7cdb1e7596b39ea4b971d3e1eceb691a) Importer(815301076,1909f56bfc062723c751e8b465ee728b)
Start importing Assets/Animations/ExplosionLight.anim using Guid(7cdb1e7596b39ea4b971d3e1eceb691a) Importer(815301076,1909f56bfc062723c751e8b465ee728b)  -> (artifact id: '1124167a7476735b409d49af166c2602') in 0.003973 seconds
  Import took 0.005910 seconds .

========================================================================
Received Import Request.
  Time since last request: 0.003817 seconds.
  path: Assets/Animations/ExplosionLight.anim
  artifactKey: Guid(7cdb1e7596b39ea4b971d3e1eceb691a) Importer(815301076,1909f56bfc062723c751e8b465ee728b)
Start importing Assets/Animations/ExplosionLight.anim using Guid(7cdb1e7596b39ea4b971d3e1eceb691a) Importer(815301076,1909f56bfc062723c751e8b465ee728b)  -> (artifact id: '1124167a7476735b409d49af166c2602') in 0.002725 seconds
  Import took 0.004634 seconds .

========================================================================
Received Import Request.
  Time since last request: 49.670473 seconds.
  path: Assets/prefabs/MissileExplosionEffect.prefab
  artifactKey: Guid(0cd7861cf2ef5d94183ca985e0d2a312) Importer(815301076,1909f56bfc062723c751e8b465ee728b)
Start importing Assets/prefabs/MissileExplosionEffect.prefab using Guid(0cd7861cf2ef5d94183ca985e0d2a312) Importer(815301076,1909f56bfc062723c751e8b465ee728b)  -> (artifact id: 'ecc834d320992bae99f0ba861d8c1686') in 0.003956 seconds
  Import took 0.005829 seconds .

========================================================================
Received Prepare
Registering precompiled user dll's ...
Registered in 0.000621 seconds.
Begin MonoManager ReloadAssembly
Native extension for WindowsStandalone target not found
Refreshing native plugins compatible for Editor in 0.21 ms, found 0 plugins.
Preloading 0 native plugins for Editor in 0.00 ms.
Invoked RoslynAnalysisRunner static constructor.
RoslynAnalysisRunner will not be running.
RoslynAnalysisRunner has terminated.
Mono: successfully reloaded assembly
- Completed reload, in  0.609 seconds
Platform modules already initialized, skipping
Refreshing native plugins compatible for Editor in 0.20 ms, found 0 plugins.
Preloading 0 native plugins for Editor in 0.00 ms.
Unloading 1117 Unused Serialized files (Serialized files now loaded: 0)
System memory in use before: 61.2 MB.
System memory in use after: 61.2 MB.

Unloading 5 unused Assets to reduce memory usage. Loaded Objects now: 1657.
Total: 1.729500 ms (FindLiveObjects: 0.167100 ms CreateObjectMapping: 0.026900 ms MarkObjects: 1.480200 ms  DeleteObjects: 0.054100 ms)

AssetImportWorkerClient::OnTransportError - code=2 error=End of file
